<?xml version="1.0" encoding="UTF-8"?>
<testsuites name="Mr4Tfs-SmartDocsTCSuites" time="48" tests="3" failures="1" errors="0">
   <testsuite name="Mr4Tfs-SmartDocsTCSuites" tests="3" failures="1" errors="0" time="48" timestamp="2018-01-23 13:20:06" hostname="mubbashir.shakil - Mubbashir2.edevtech.com" id="Test Suites/Mr4Tfs-SmartDocsTCSuites">
      <properties>
         <property name="deviceName" value=""/>
         <property name="devicePlatform" value=""/>
         <property name="logFolder" value="H:\\KatalonProjects\\Mr4TfsUpdate2018\\.git\\mr4tfsAutomation\\Reports\\Mr4Tfs-SmartDocsTCSuites\\20180123_132005"/>
         <property name="logFiles" value="H:\\KatalonProjects\\Mr4TfsUpdate2018\\.git\\mr4tfsAutomation\\Reports\\Mr4Tfs-SmartDocsTCSuites\\20180123_132005\\execution0.log"/>
         <property name="attachments" value="H:\\KatalonProjects\\Mr4TfsUpdate2018\\.git\\mr4tfsAutomation\\Reports\\Mr4Tfs-SmartDocsTCSuites\\20180123_132005\\1516695654610.png"/>
         <property name="hostName" value="mubbashir.shakil - Mubbashir2.edevtech.com"/>
         <property name="os" value="Windows 10 64bit"/>
         <property name="katalonVersion" value="5.2.0.1"/>
         <property name="browser" value="Firefox 57.0"/>
         <property name="hostAddress" value="10.0.0.43"/>
         <property name="sessionId" value="7552f72e-5f2c-47d4-8356-57375cb12a21"/>
         <property name="seleniumVersion" value="3.7.1"/>
         <property name="proxyInformation" value="ProxyInformation{proxyOption=NO_PROXY, proxyServerType=HTTP, password=, proxyServerAddress=, proxyServerPort=0}"/>
         <property name="platform" value="Windows 10"/>
      </properties>
      <testcase name="Test Cases/StandAlone-Prereqs/Mr4TfsLogin-StandAlone" classname="Test Cases/StandAlone-Prereqs/Mr4TfsLogin-StandAlone" status="PASSED">
         <system-out><![CDATA[2018-01-23 13:20:06 - [TEST_CASE][PASSED] - Test Cases/StandAlone-Prereqs/Mr4TfsLogin-StandAlone: Test Cases/StandAlone-Prereqs/Mr4TfsLogin-StandAlone

2018-01-23 13:20:07 - [TEST_STEP][PASSED] - Statement - tfsServerUrl = "M4Tfs-StandAlone/LoginPage/mr4tfs-TFSServerURL": null

2018-01-23 13:20:07 - [TEST_STEP][PASSED] - Statement - tfsUserName = "M4Tfs-StandAlone/LoginPage/mr4tfs-EmailAddress": null

2018-01-23 13:20:07 - [TEST_STEP][PASSED] - Statement - tfsPassword = "M4Tfs-StandAlone/LoginPage/mr4tfs-Password": null

2018-01-23 13:20:07 - [TEST_STEP][PASSED] - Statement - signInBtn = "M4Tfs-StandAlone/LoginPage/mr4tfs-SignInBtn": null

2018-01-23 13:20:07 - [TEST_STEP][PASSED] - Statement - browseProjectButton = "M4Tfs-StandAlone/RecentProjectPage/mr4tfs-_BrowseProjects": null

2018-01-23 13:20:07 - [TEST_STEP][PASSED] - openBrowser: Browser is opened with url: ''

2018-01-23 13:20:11 - [MESSAGE][PASSED] - Browser is opened with url: ''

2018-01-23 13:20:11 - [TEST_STEP][PASSED] - maximizeWindow: Current window maximized

2018-01-23 13:20:11 - [MESSAGE][PASSED] - Current window maximized

2018-01-23 13:20:11 - [TEST_STEP][PASSED] - navigateToUrl: Navigate to 'http://ghous:8028' successfully

2018-01-23 13:20:41 - [MESSAGE][PASSED] - Navigate to 'http://ghous:8028' successfully

2018-01-23 13:20:41 - [TEST_STEP][PASSED] - setText: Text 'http://attfs2015:8080/tfs' is set on object 'Object Repository/M4Tfs-StandAlone/LoginPage/mr4tfs-TFSServerURL'

2018-01-23 13:20:41 - [MESSAGE][PASSED] - Text 'http://attfs2015:8080/tfs' is set on object 'Object Repository/M4Tfs-StandAlone/LoginPage/mr4tfs-TFSServerURL'

2018-01-23 13:20:41 - [TEST_STEP][PASSED] - setText: Text 'fahad' is set on object 'Object Repository/M4Tfs-StandAlone/LoginPage/mr4tfs-EmailAddress'

2018-01-23 13:20:41 - [MESSAGE][PASSED] - Text 'fahad' is set on object 'Object Repository/M4Tfs-StandAlone/LoginPage/mr4tfs-EmailAddress'

2018-01-23 13:20:41 - [TEST_STEP][PASSED] - setText: Text '12345' is set on object 'Object Repository/M4Tfs-StandAlone/LoginPage/mr4tfs-Password'

2018-01-23 13:20:41 - [MESSAGE][PASSED] - Text '12345' is set on object 'Object Repository/M4Tfs-StandAlone/LoginPage/mr4tfs-Password'

2018-01-23 13:20:41 - [TEST_STEP][PASSED] - click: Object: 'Object Repository/M4Tfs-StandAlone/LoginPage/mr4tfs-SignInBtn' is clicked on

2018-01-23 13:20:43 - [MESSAGE][PASSED] - Object: 'Object Repository/M4Tfs-StandAlone/LoginPage/mr4tfs-SignInBtn' is clicked on

2018-01-23 13:20:43 - [TEST_STEP][PASSED] - waitForElementVisible: Object 'Object Repository/M4Tfs-StandAlone/RecentProjectPage/mr4tfs-_BrowseProjects' is visible

2018-01-23 13:20:43 - [MESSAGE][PASSED] - Object 'Object Repository/M4Tfs-StandAlone/RecentProjectPage/mr4tfs-_BrowseProjects' is visible

2018-01-23 13:20:43 - [TEST_STEP][PASSED] - Statement - browseProjectButtonText = com.kms.katalon.core.webui.keyword.WebUiBuiltInKeywords.getText(com.kms.katalon.core.testobject.ObjectRepository.findTestObject(browseProjectButton)): Text of object 'Object Repository/M4Tfs-StandAlone/RecentProjectPage/mr4tfs-_BrowseProjects' is: 'Browse'

2018-01-23 13:20:43 - [MESSAGE][PASSED] - Text of object 'Object Repository/M4Tfs-StandAlone/RecentProjectPage/mr4tfs-_BrowseProjects' is: 'Browse'

2018-01-23 13:20:43 - [TEST_STEP][PASSED] - Statement - assert browseProjectButtonText == "Browse": null]]></system-out>
         <system-err><![CDATA[]]></system-err>
      </testcase>
      <testcase name="Test Cases/StandAlone-Prereqs/OpenProject" classname="Test Cases/StandAlone-Prereqs/OpenProject" status="PASSED">
         <system-out><![CDATA[2018-01-23 13:20:43 - [TEST_CASE][PASSED] - Test Cases/StandAlone-Prereqs/OpenProject: Test Cases/StandAlone-Prereqs/OpenProject

2018-01-23 13:20:43 - [TEST_STEP][PASSED] - Statement - browseButton = "M4Tfs-StandAlone/RecentProjectPage/mr4tfs-_BrowseProjects": null

2018-01-23 13:20:43 - [TEST_STEP][PASSED] - Statement - navigateButton = "Object Repository/M4Tfs-StandAlone/RecentProjectPage/mr4tfs-ProjectNavigate": null

2018-01-23 13:20:43 - [TEST_STEP][PASSED] - click: Object: 'Object Repository/M4Tfs-StandAlone/RecentProjectPage/mr4tfs-_BrowseProjects' is clicked on

2018-01-23 13:20:44 - [MESSAGE][PASSED] - Object: 'Object Repository/M4Tfs-StandAlone/RecentProjectPage/mr4tfs-_BrowseProjects' is clicked on

2018-01-23 13:20:44 - [TEST_STEP][PASSED] - Statement - collectionList = CustomKeywords.edev.automatekatlon.com.GetCustomTestObject.getCustomTestObjectBy("css", CollectionValue(GetCollectionName())): null

2018-01-23 13:20:44 - [TEST_STEP][PASSED] - Statement - return com.kms.katalon.core.testdata.TestDataFactory.findTestData(Configurations).getValue(CollectionName, 1): Test data is internal data, reading internal data

2018-01-23 13:20:44 - [TEST_STEP][PASSED] - Statement - return ((#treeviewProjects > ul > li[title=" + collectionName) + "] span): edev.automatekatlon.com.GetCustomTestObject.getCustomTestObjectBy is PASSED

2018-01-23 13:20:44 - [MESSAGE][PASSED] - edev.automatekatlon.com.GetCustomTestObject.getCustomTestObjectBy is PASSED

2018-01-23 13:20:44 - [TEST_STEP][PASSED] - Statement - className = com.kms.katalon.core.webui.keyword.WebUiBuiltInKeywords.getAttribute(collectionList, "class", STOP_ON_FAILURE): Attribute 'class' of object 'TheObjectName' is: 'k-icon k-i-expand'

2018-01-23 13:20:44 - [MESSAGE][PASSED] - Attribute 'class' of object 'TheObjectName' is: 'k-icon k-i-expand'

2018-01-23 13:20:44 - [TEST_STEP][PASSED] - Statement - If (className.contains("k-i-expand")): Object: 'TheObjectName' is clicked on

2018-01-23 13:20:44 - [TEST_STEP][PASSED] - click: Object: 'TheObjectName' is clicked on

2018-01-23 13:20:44 - [MESSAGE][PASSED] - Object: 'TheObjectName' is clicked on

2018-01-23 13:20:44 - [TEST_STEP][PASSED] - Statement - projectList = CustomKeywords.edev.automatekatlon.com.GetCustomTestObject.getCustomTestObjectBy("css", ProjectValue(GetProjectName())): null

2018-01-23 13:20:44 - [TEST_STEP][PASSED] - Statement - return com.kms.katalon.core.testdata.TestDataFactory.findTestData(Configurations).getValue(Project, 1): Test data is internal data, reading internal data

2018-01-23 13:20:44 - [TEST_STEP][PASSED] - Statement - return ((li[title=" + projectName) + "]): edev.automatekatlon.com.GetCustomTestObject.getCustomTestObjectBy is PASSED

2018-01-23 13:20:44 - [MESSAGE][PASSED] - edev.automatekatlon.com.GetCustomTestObject.getCustomTestObjectBy is PASSED

2018-01-23 13:20:44 - [TEST_STEP][PASSED] - Statement - If (com.kms.katalon.core.webui.keyword.WebUiBuiltInKeywords.verifyElementVisible(projectList) == false): Object 'TheObjectName' is visible

2018-01-23 13:20:44 - [MESSAGE][PASSED] - Object 'TheObjectName' is visible

2018-01-23 13:20:44 - [TEST_STEP][PASSED] - Statement - Else: Object: 'TheObjectName' is clicked on

2018-01-23 13:20:44 - [TEST_STEP][PASSED] - click: Object: 'TheObjectName' is clicked on

2018-01-23 13:20:44 - [MESSAGE][PASSED] - Object: 'TheObjectName' is clicked on

2018-01-23 13:20:44 - [TEST_STEP][PASSED] - waitForElementClickable: Object 'Object Repository/M4Tfs-StandAlone/RecentProjectPage/mr4tfs-ProjectNavigate' is clickable

2018-01-23 13:20:44 - [MESSAGE][PASSED] - Object 'Object Repository/M4Tfs-StandAlone/RecentProjectPage/mr4tfs-ProjectNavigate' is clickable

2018-01-23 13:20:44 - [TEST_STEP][PASSED] - click: Object: 'Object Repository/M4Tfs-StandAlone/RecentProjectPage/mr4tfs-ProjectNavigate' is clicked on

2018-01-23 13:20:44 - [MESSAGE][PASSED] - Object: 'Object Repository/M4Tfs-StandAlone/RecentProjectPage/mr4tfs-ProjectNavigate' is clicked on

2018-01-23 13:20:44 - [TEST_STEP][PASSED] - Statement - dashboardProjectName = CustomKeywords.edev.automatekatlon.com.GetCustomTestObject.getCustomTestObjectBy("css", "span.title.project-name"): edev.automatekatlon.com.GetCustomTestObject.getCustomTestObjectBy is PASSED

2018-01-23 13:20:44 - [MESSAGE][PASSED] - edev.automatekatlon.com.GetCustomTestObject.getCustomTestObjectBy is PASSED

2018-01-23 13:20:44 - [TEST_STEP][PASSED] - waitForElementVisible: Object 'TheObjectName' is visible

2018-01-23 13:20:46 - [MESSAGE][PASSED] - Object 'TheObjectName' is visible

2018-01-23 13:20:46 - [TEST_STEP][PASSED] - Statement - assert com.kms.katalon.core.webui.keyword.WebUiBuiltInKeywords.getText(dashboardProjectName) == GetProjectName(): Text of object 'TheObjectName' is: 'Project23rdJan2015'

2018-01-23 13:20:46 - [MESSAGE][PASSED] - Text of object 'TheObjectName' is: 'Project23rdJan2015'

2018-01-23 13:20:46 - [TEST_STEP][PASSED] - Statement - return com.kms.katalon.core.testdata.TestDataFactory.findTestData(Configurations).getValue(Project, 1): Test data is internal data, reading internal data]]></system-out>
         <system-err><![CDATA[]]></system-err>
      </testcase>
      <testcase name="Test Cases/StandAlone-Prereqs/OpenSmartDocModule" classname="Test Cases/StandAlone-Prereqs/OpenSmartDocModule" status="PASSED">
         <system-out><![CDATA[2018-01-23 13:20:46 - [TEST_CASE][PASSED] - Test Cases/StandAlone-Prereqs/OpenSmartDocModule: Test Cases/StandAlone-Prereqs/OpenSmartDocModule

2018-01-23 13:20:46 - [TEST_STEP][PASSED] - click: Object: 'Object Repository/M4Tfs-StandAlone/Dashboard/m4tfs-Smart DocsModule' is clicked on

2018-01-23 13:20:47 - [MESSAGE][PASSED] - Object: 'Object Repository/M4Tfs-StandAlone/Dashboard/m4tfs-Smart DocsModule' is clicked on

2018-01-23 13:20:47 - [TEST_STEP][PASSED] - waitForElementVisible: Object 'Object Repository/M4Tfs-StandAlone/SmartDocs/smartDocs-FolderExplorer' is visible

2018-01-23 13:20:50 - [MESSAGE][PASSED] - Object 'Object Repository/M4Tfs-StandAlone/SmartDocs/smartDocs-FolderExplorer' is visible

2018-01-23 13:20:50 - [TEST_STEP][NOT_RUN] - delay: NOT_RUN: delay

2018-01-23 13:20:50 - [MESSAGE][NOT_RUN] - NOT_RUN: delay]]></system-out>
         <system-err><![CDATA[]]></system-err>
      </testcase>
      <testcase name="Test Cases/SmartDocs/VerifyThatUserIsAbleToCreateSmartDocFileOnBlankTemplate" classname="Test Cases/SmartDocs/VerifyThatUserIsAbleToCreateSmartDocFileOnBlankTemplate" status="FAILED">
         <failure type="FAILED" message="Unable to click on object 'Object Repository/M4Tfs-StandAlone/SmartDocs/smartdocs-CreateNewSDOkBtn' (Root cause: org.openqa.selenium.ElementNotInteractableException: 
Build info: version: '3.7.1', revision: '8a0099a', time: '2017-11-06T21:07:36.161Z'
System info: host: 'MUBBASHIR2', ip: '10.0.0.43', os.name: 'Windows 10', os.arch: 'amd64', os.version: '10.0', java.version: '1.8.0_102'
Driver info: com.kms.katalon.core.webui.driver.firefox.CGeckoDriver
Capabilities {acceptInsecureCerts: true, browserName: firefox, browserVersion: 57.0.4, javascriptEnabled: true, moz:accessibilityChecks: false, moz:headless: false, moz:processID: 8240, moz:profile: C:\Users\mubbashir.shakil\A..., moz:webdriverClick: false, pageLoadStrategy: normal, platform: XP, platformName: XP, platformVersion: 10.0, proxy: Proxy(direct), rotatable: false, timeouts: {implicit: 0, pageLoad: 300000, script: 30000}}
Session ID: 7552f72e-5f2c-47d4-8356-57375cb12a21)"/>
         <system-out><![CDATA[2018-01-23 13:20:50 - [TEST_CASE][FAILED] - Test Cases/SmartDocs/VerifyThatUserIsAbleToCreateSmartDocFileOnBlankTemplate: Test Cases/SmartDocs/VerifyThatUserIsAbleToCreateSmartDocFileOnBlankTemplate FAILED because (of) Unable to click on object 'Object Repository/M4Tfs-StandAlone/SmartDocs/smartdocs-CreateNewSDOkBtn' (Root cause: org.openqa.selenium.ElementNotInteractableException: 
Build info: version: '3.7.1', revision: '8a0099a', time: '2017-11-06T21:07:36.161Z'
System info: host: 'MUBBASHIR2', ip: '10.0.0.43', os.name: 'Windows 10', os.arch: 'amd64', os.version: '10.0', java.version: '1.8.0_102'
Driver info: com.kms.katalon.core.webui.driver.firefox.CGeckoDriver
Capabilities {acceptInsecureCerts: true, browserName: firefox, browserVersion: 57.0.4, javascriptEnabled: true, moz:accessibilityChecks: false, moz:headless: false, moz:processID: 8240, moz:profile: C:\Users\mubbashir.shakil\A..., moz:webdriverClick: false, pageLoadStrategy: normal, platform: XP, platformName: XP, platformVersion: 10.0, proxy: Proxy(direct), rotatable: false, timeouts: {implicit: 0, pageLoad: 300000, script: 30000}}
Session ID: 7552f72e-5f2c-47d4-8356-57375cb12a21)

2018-01-23 13:20:51 - [TEST_STEP][PASSED] - click: Object: 'Object Repository/M4Tfs-StandAlone/SmartDocs/smartdocs-NewBtn' is clicked on

2018-01-23 13:20:51 - [MESSAGE][PASSED] - Object: 'Object Repository/M4Tfs-StandAlone/SmartDocs/smartdocs-NewBtn' is clicked on

2018-01-23 13:20:51 - [TEST_STEP][PASSED] - delay: Delayed 1 second(s)

2018-01-23 13:20:52 - [MESSAGE][PASSED] - Delayed 1 second(s)

2018-01-23 13:20:52 - [TEST_STEP][PASSED] - click: Object: 'Object Repository/M4Tfs-StandAlone/SmartDocs/smartdocs-SmartDocsBtn' is clicked on

2018-01-23 13:20:53 - [MESSAGE][PASSED] - Object: 'Object Repository/M4Tfs-StandAlone/SmartDocs/smartdocs-SmartDocsBtn' is clicked on

2018-01-23 13:20:53 - [TEST_STEP][PASSED] - delay: Delayed 1 second(s)

2018-01-23 13:20:54 - [MESSAGE][PASSED] - Delayed 1 second(s)

2018-01-23 13:20:54 - [TEST_STEP][FAILED] - click: Unable to click on object 'Object Repository/M4Tfs-StandAlone/SmartDocs/smartdocs-CreateNewSDOkBtn' (Root cause: org.openqa.selenium.ElementNotInteractableException: 
Build info: version: '3.7.1', revision: '8a0099a', time: '2017-11-06T21:07:36.161Z'
System info: host: 'MUBBASHIR2', ip: '10.0.0.43', os.name: 'Windows 10', os.arch: 'amd64', os.version: '10.0', java.version: '1.8.0_102'
Driver info: com.kms.katalon.core.webui.driver.firefox.CGeckoDriver
Capabilities {acceptInsecureCerts: true, browserName: firefox, browserVersion: 57.0.4, javascriptEnabled: true, moz:accessibilityChecks: false, moz:headless: false, moz:processID: 8240, moz:profile: C:\Users\mubbashir.shakil\A..., moz:webdriverClick: false, pageLoadStrategy: normal, platform: XP, platformName: XP, platformVersion: 10.0, proxy: Proxy(direct), rotatable: false, timeouts: {implicit: 0, pageLoad: 300000, script: 30000}}
Session ID: 7552f72e-5f2c-47d4-8356-57375cb12a21)

2018-01-23 13:20:54 - [MESSAGE][FAILED] - Unable to click on object 'Object Repository/M4Tfs-StandAlone/SmartDocs/smartdocs-CreateNewSDOkBtn' (Root cause: org.openqa.selenium.ElementNotInteractableException: 
Build info: version: '3.7.1', revision: '8a0099a', time: '2017-11-06T21:07:36.161Z'
System info: host: 'MUBBASHIR2', ip: '10.0.0.43', os.name: 'Windows 10', os.arch: 'amd64', os.version: '10.0', java.version: '1.8.0_102'
Driver info: com.kms.katalon.core.webui.driver.firefox.CGeckoDriver
Capabilities {acceptInsecureCerts: true, browserName: firefox, browserVersion: 57.0.4, javascriptEnabled: true, moz:accessibilityChecks: false, moz:headless: false, moz:processID: 8240, moz:profile: C:\Users\mubbashir.shakil\A..., moz:webdriverClick: false, pageLoadStrategy: normal, platform: XP, platformName: XP, platformVersion: 10.0, proxy: Proxy(direct), rotatable: false, timeouts: {implicit: 0, pageLoad: 300000, script: 30000}}
Session ID: 7552f72e-5f2c-47d4-8356-57375cb12a21)
[[ATTACHMENT|H:\\KatalonProjects\\Mr4TfsUpdate2018\\.git\\mr4tfsAutomation\\Reports\\Mr4Tfs-SmartDocsTCSuites\\20180123_132005\\1516695654610.png]]]]></system-out>
         <system-err><![CDATA[2018-01-23 13:20:50 - [TEST_CASE][FAILED] - Test Cases/SmartDocs/VerifyThatUserIsAbleToCreateSmartDocFileOnBlankTemplate: Test Cases/SmartDocs/VerifyThatUserIsAbleToCreateSmartDocFileOnBlankTemplate FAILED because (of) Unable to click on object 'Object Repository/M4Tfs-StandAlone/SmartDocs/smartdocs-CreateNewSDOkBtn' (Root cause: org.openqa.selenium.ElementNotInteractableException: 
Build info: version: '3.7.1', revision: '8a0099a', time: '2017-11-06T21:07:36.161Z'
System info: host: 'MUBBASHIR2', ip: '10.0.0.43', os.name: 'Windows 10', os.arch: 'amd64', os.version: '10.0', java.version: '1.8.0_102'
Driver info: com.kms.katalon.core.webui.driver.firefox.CGeckoDriver
Capabilities {acceptInsecureCerts: true, browserName: firefox, browserVersion: 57.0.4, javascriptEnabled: true, moz:accessibilityChecks: false, moz:headless: false, moz:processID: 8240, moz:profile: C:\Users\mubbashir.shakil\A..., moz:webdriverClick: false, pageLoadStrategy: normal, platform: XP, platformName: XP, platformVersion: 10.0, proxy: Proxy(direct), rotatable: false, timeouts: {implicit: 0, pageLoad: 300000, script: 30000}}
Session ID: 7552f72e-5f2c-47d4-8356-57375cb12a21)]]></system-err>
      </testcase>
      <system-out><![CDATA[2018-01-23 13:20:06 - [TEST_SUITE][FAILED] - Mr4Tfs-SmartDocsTCSuites: Test Cases/SmartDocs/VerifyThatUserIsAbleToCreateSmartDocFileOnBlankTemplate FAILED because (of) Unable to click on object 'Object Repository/M4Tfs-StandAlone/SmartDocs/smartdocs-CreateNewSDOkBtn' (Root cause: org.openqa.selenium.ElementNotInteractableException: 
Build info: version: '3.7.1', revision: '8a0099a', time: '2017-11-06T21:07:36.161Z'
System info: host: 'MUBBASHIR2', ip: '10.0.0.43', os.name: 'Windows 10', os.arch: 'amd64', os.version: '10.0', java.version: '1.8.0_102'
Driver info: com.kms.katalon.core.webui.driver.firefox.CGeckoDriver
Capabilities {acceptInsecureCerts: true, browserName: firefox, browserVersion: 57.0.4, javascriptEnabled: true, moz:accessibilityChecks: false, moz:headless: false, moz:processID: 8240, moz:profile: C:\Users\mubbashir.shakil\A..., moz:webdriverClick: false, pageLoadStrategy: normal, platform: XP, platformName: XP, platformVersion: 10.0, proxy: Proxy(direct), rotatable: false, timeouts: {implicit: 0, pageLoad: 300000, script: 30000}}
Session ID: 7552f72e-5f2c-47d4-8356-57375cb12a21)]]></system-out>
      <system-err><![CDATA[2018-01-23 13:20:06 - [TEST_SUITE][FAILED] - Mr4Tfs-SmartDocsTCSuites: Test Cases/SmartDocs/VerifyThatUserIsAbleToCreateSmartDocFileOnBlankTemplate FAILED because (of) Unable to click on object 'Object Repository/M4Tfs-StandAlone/SmartDocs/smartdocs-CreateNewSDOkBtn' (Root cause: org.openqa.selenium.ElementNotInteractableException: 
Build info: version: '3.7.1', revision: '8a0099a', time: '2017-11-06T21:07:36.161Z'
System info: host: 'MUBBASHIR2', ip: '10.0.0.43', os.name: 'Windows 10', os.arch: 'amd64', os.version: '10.0', java.version: '1.8.0_102'
Driver info: com.kms.katalon.core.webui.driver.firefox.CGeckoDriver
Capabilities {acceptInsecureCerts: true, browserName: firefox, browserVersion: 57.0.4, javascriptEnabled: true, moz:accessibilityChecks: false, moz:headless: false, moz:processID: 8240, moz:profile: C:\Users\mubbashir.shakil\A..., moz:webdriverClick: false, pageLoadStrategy: normal, platform: XP, platformName: XP, platformVersion: 10.0, proxy: Proxy(direct), rotatable: false, timeouts: {implicit: 0, pageLoad: 300000, script: 30000}}
Session ID: 7552f72e-5f2c-47d4-8356-57375cb12a21)]]></system-err>
   </testsuite>
</testsuites>
