{"devicePlatform":"","logFolder":"H:\\KatalonProjects\\Mr4TfsUpdate2018\\Reports\\Mr4TfsPrereqs\\20180116_181956","runData":{"hostName":"mubbashir.shakil - Mubbashir2.edevtech.com","os":"Windows 10 64bit","katalonVersion":"5.2.0.1","browser":"Firefox 57.0","hostAddress":"10.0.0.43","sessionId":"1ad30e74-8ad9-4655-b616-2e7467f4acd8","seleniumVersion":"3.7.1","proxyInformation":"ProxyInformation{proxyOption\u003dNO_PROXY, proxyServerType\u003dHTTP, password\u003d, proxyServerAddress\u003d, proxyServerPort\u003d0}","platform":"Windows 10"},"type":"TEST_SUITE","name":"Mr4TfsPrereqs","id":"Test Suites/Mr4TfsPrereqs","source":"","message":"Test Cases/Mr4TfsLogin FAILED because (of) Unable to get text of object \u0027Object Repository/Page_Modern Requirements4TFS 2018/a_Browse\u0027 (Root cause: com.kms.katalon.core.webui.exception.WebElementNotFoundException: Web element with id: \u0027Object Repository/Page_Modern Requirements4TFS 2018/a_Browse\u0027 located by \u0027By.xpath: //a[count(. | //*[@href \u003d \u0027javascript:openBrowseDialog();\u0027]) \u003d count(//*[@href \u003d \u0027javascript:openBrowseDialog();\u0027])][count(. | //*[@title \u003d \u0027Browse teams and projects\u0027]) \u003d count(//*[@title \u003d \u0027Browse teams and projects\u0027])][count(. | //*[text() \u003d \u0027Browse\u0027]) \u003d count(//*[text() \u003d \u0027Browse\u0027])]\u0027 not found)","description":"Prereq Contains Login And Open Project","startTime":1516108797296,"endTime":1516108908068,"childRecords":[{"isOptional":false,"type":"TEST_CASE","name":"Test Cases/Mr4TfsLogin","id":"Test Cases/Mr4TfsLogin","source":"H:\\\\KatalonProjects\\\\Mr4TfsUpdate2018Test Cases\\\\Mr4TfsLogin.tc","message":"Test Cases/Mr4TfsLogin FAILED because (of) Unable to get text of object \u0027Object Repository/Page_Modern Requirements4TFS 2018/a_Browse\u0027 (Root cause: com.kms.katalon.core.webui.exception.WebElementNotFoundException: Web element with id: \u0027Object Repository/Page_Modern Requirements4TFS 2018/a_Browse\u0027 located by \u0027By.xpath: //a[count(. | //*[@href \u003d \u0027javascript:openBrowseDialog();\u0027]) \u003d count(//*[@href \u003d \u0027javascript:openBrowseDialog();\u0027])][count(. | //*[@title \u003d \u0027Browse teams and projects\u0027]) \u003d count(//*[@title \u003d \u0027Browse teams and projects\u0027])][count(. | //*[text() \u003d \u0027Browse\u0027]) \u003d count(//*[text() \u003d \u0027Browse\u0027])]\u0027 not found)","description":"Login Test Case","startTime":1516108797494,"endTime":1516108877001,"childRecords":[{"testStatus":{"stackTrace":"","statusValue":"INFO"},"type":"MESSAGE","name":"","message":"Evaluating variables for test case","startTime":1516108797574,"endTime":0,"childRecords":[],"interuppted":false},{"index":1,"isIgnoredIfFailed":false,"type":"TEST_STEP","name":"openBrowser","message":"Browser is opened with url: \u0027\u0027","description":"","startTime":1516108797765,"endTime":1516108824609,"childRecords":[{"testStatus":{"stackTrace":"","statusValue":"PASSED"},"type":"MESSAGE","name":"","message":"Browser is opened with url: \u0027\u0027","startTime":1516108824607,"endTime":0,"childRecords":[],"interuppted":false}],"interuppted":false},{"index":2,"isIgnoredIfFailed":false,"type":"TEST_STEP","name":"maximizeWindow","message":"Current window maximized","description":"","startTime":1516108824610,"endTime":1516108824695,"childRecords":[{"testStatus":{"stackTrace":"","statusValue":"PASSED"},"type":"MESSAGE","name":"","message":"Current window maximized","startTime":1516108824695,"endTime":0,"childRecords":[],"interuppted":false}],"interuppted":false},{"index":3,"isIgnoredIfFailed":false,"type":"TEST_STEP","name":"navigateToUrl","message":"Navigate to \u0027http://ghous:8028\u0027 successfully","description":"","startTime":1516108824695,"endTime":1516108839296,"childRecords":[{"testStatus":{"stackTrace":"","statusValue":"PASSED"},"type":"MESSAGE","name":"","message":"Navigate to \u0027http://ghous:8028\u0027 successfully","startTime":1516108839294,"endTime":0,"childRecords":[],"interuppted":false}],"interuppted":false},{"index":4,"isIgnoredIfFailed":false,"type":"TEST_STEP","name":"setText","message":"Text \u0027attfs2017:8080/tfs\u0027 is set on object \u0027Object Repository/Page_Sign In/input_TFSServerURL\u0027","description":"","startTime":1516108839297,"endTime":1516108843855,"childRecords":[{"testStatus":{"stackTrace":"","statusValue":"PASSED"},"type":"MESSAGE","name":"","message":"Text \u0027attfs2017:8080/tfs\u0027 is set on object \u0027Object Repository/Page_Sign In/input_TFSServerURL\u0027","startTime":1516108843854,"endTime":0,"childRecords":[],"interuppted":false}],"interuppted":false},{"index":5,"isIgnoredIfFailed":false,"type":"TEST_STEP","name":"setText","message":"Text \u0027fahad\u0027 is set on object \u0027Object Repository/Page_Sign In/input_EmailAddress\u0027","description":"","startTime":1516108843855,"endTime":1516108844061,"childRecords":[{"testStatus":{"stackTrace":"","statusValue":"PASSED"},"type":"MESSAGE","name":"","message":"Text \u0027fahad\u0027 is set on object \u0027Object Repository/Page_Sign In/input_EmailAddress\u0027","startTime":1516108844061,"endTime":0,"childRecords":[],"interuppted":false}],"interuppted":false},{"index":6,"isIgnoredIfFailed":false,"type":"TEST_STEP","name":"setText","message":"Text \u0027f12345\u0027 is set on object \u0027Object Repository/Page_Sign In/input_Password\u0027","description":"","startTime":1516108844062,"endTime":1516108844263,"childRecords":[{"testStatus":{"stackTrace":"","statusValue":"PASSED"},"type":"MESSAGE","name":"","message":"Text \u0027f12345\u0027 is set on object \u0027Object Repository/Page_Sign In/input_Password\u0027","startTime":1516108844262,"endTime":0,"childRecords":[],"interuppted":false}],"interuppted":false},{"index":7,"isIgnoredIfFailed":false,"type":"TEST_STEP","name":"click","message":"Object: \u0027Object Repository/Page_Sign In/input_btnSignIn\u0027 is clicked on","description":"Click Sign In Button","startTime":1516108844263,"endTime":1516108845888,"childRecords":[{"testStatus":{"stackTrace":"","statusValue":"PASSED"},"type":"MESSAGE","name":"","message":"Object: \u0027Object Repository/Page_Sign In/input_btnSignIn\u0027 is clicked on","startTime":1516108845888,"endTime":0,"childRecords":[],"interuppted":false}],"interuppted":false},{"attachment":"1516108876690.png","index":8,"isIgnoredIfFailed":false,"type":"TEST_STEP","name":"Statement - isBrowseButtonShowing \u003d com.kms.katalon.core.webui.keyword.WebUiBuiltInKeywords.getText(com.kms.katalon.core.testobject.ObjectRepository.findTestObject(Object Repository/Page_Modern Requirements4TFS 2018/a_Browse))","message":"Unable to get text of object \u0027Object Repository/Page_Modern Requirements4TFS 2018/a_Browse\u0027 (Root cause: com.kms.katalon.core.webui.exception.WebElementNotFoundException: Web element with id: \u0027Object Repository/Page_Modern Requirements4TFS 2018/a_Browse\u0027 located by \u0027By.xpath: //a[count(. | //*[@href \u003d \u0027javascript:openBrowseDialog();\u0027]) \u003d count(//*[@href \u003d \u0027javascript:openBrowseDialog();\u0027])][count(. | //*[@title \u003d \u0027Browse teams and projects\u0027]) \u003d count(//*[@title \u003d \u0027Browse teams and projects\u0027])][count(. | //*[text() \u003d \u0027Browse\u0027]) \u003d count(//*[text() \u003d \u0027Browse\u0027])]\u0027 not found)","description":"","startTime":1516108845888,"endTime":1516108876998,"childRecords":[{"testStatus":{"stackTrace":"","statusValue":"FAILED"},"attachment":"1516108876690.png","type":"MESSAGE","name":"","message":"Unable to get text of object \u0027Object Repository/Page_Modern Requirements4TFS 2018/a_Browse\u0027 (Root cause: com.kms.katalon.core.webui.exception.WebElementNotFoundException: Web element with id: \u0027Object Repository/Page_Modern Requirements4TFS 2018/a_Browse\u0027 located by \u0027By.xpath: //a[count(. | //*[@href \u003d \u0027javascript:openBrowseDialog();\u0027]) \u003d count(//*[@href \u003d \u0027javascript:openBrowseDialog();\u0027])][count(. | //*[@title \u003d \u0027Browse teams and projects\u0027]) \u003d count(//*[@title \u003d \u0027Browse teams and projects\u0027])][count(. | //*[text() \u003d \u0027Browse\u0027]) \u003d count(//*[text() \u003d \u0027Browse\u0027])]\u0027 not found)","startTime":1516108876998,"endTime":0,"childRecords":[],"interuppted":false}],"interuppted":false},{"testStatus":{"stackTrace":"","statusValue":"FAILED"},"type":"MESSAGE","name":"","message":"Test Cases/Mr4TfsLogin FAILED because (of) Unable to get text of object \u0027Object Repository/Page_Modern Requirements4TFS 2018/a_Browse\u0027 (Root cause: com.kms.katalon.core.webui.exception.WebElementNotFoundException: Web element with id: \u0027Object Repository/Page_Modern Requirements4TFS 2018/a_Browse\u0027 located by \u0027By.xpath: //a[count(. | //*[@href \u003d \u0027javascript:openBrowseDialog();\u0027]) \u003d count(//*[@href \u003d \u0027javascript:openBrowseDialog();\u0027])][count(. | //*[@title \u003d \u0027Browse teams and projects\u0027]) \u003d count(//*[@title \u003d \u0027Browse teams and projects\u0027])][count(. | //*[text() \u003d \u0027Browse\u0027]) \u003d count(//*[text() \u003d \u0027Browse\u0027])]\u0027 not found)","startTime":1516108876999,"endTime":0,"childRecords":[],"interuppted":false}],"interuppted":false},{"isOptional":false,"type":"TEST_CASE","name":"Test Cases/OpenProject","id":"Test Cases/OpenProject","source":"H:\\\\KatalonProjects\\\\Mr4TfsUpdate2018Test Cases\\\\OpenProject.tc","message":"Test Cases/OpenProject FAILED because (of) Unable to click on object \u0027Object Repository/Page_Modern Requirements4TFS 2018/a_Browse\u0027 (Root cause: com.kms.katalon.core.webui.exception.WebElementNotFoundException: Web element with id: \u0027Object Repository/Page_Modern Requirements4TFS 2018/a_Browse\u0027 located by \u0027By.xpath: //a[count(. | //*[@href \u003d \u0027javascript:openBrowseDialog();\u0027]) \u003d count(//*[@href \u003d \u0027javascript:openBrowseDialog();\u0027])][count(. | //*[@title \u003d \u0027Browse teams and projects\u0027]) \u003d count(//*[@title \u003d \u0027Browse teams and projects\u0027])][count(. | //*[text() \u003d \u0027Browse\u0027]) \u003d count(//*[text() \u003d \u0027Browse\u0027])]\u0027 not found)","description":"Open Project In Mr4Tfs","startTime":1516108877053,"endTime":1516108907861,"childRecords":[{"testStatus":{"stackTrace":"","statusValue":"INFO"},"type":"MESSAGE","name":"","message":"Evaluating variables for test case","startTime":1516108877057,"endTime":0,"childRecords":[],"interuppted":false},{"attachment":"1516108907710.png","index":1,"isIgnoredIfFailed":false,"type":"TEST_STEP","name":"click","message":"Unable to click on object \u0027Object Repository/Page_Modern Requirements4TFS 2018/a_Browse\u0027 (Root cause: com.kms.katalon.core.webui.exception.WebElementNotFoundException: Web element with id: \u0027Object Repository/Page_Modern Requirements4TFS 2018/a_Browse\u0027 located by \u0027By.xpath: //a[count(. | //*[@href \u003d \u0027javascript:openBrowseDialog();\u0027]) \u003d count(//*[@href \u003d \u0027javascript:openBrowseDialog();\u0027])][count(. | //*[@title \u003d \u0027Browse teams and projects\u0027]) \u003d count(//*[@title \u003d \u0027Browse teams and projects\u0027])][count(. | //*[text() \u003d \u0027Browse\u0027]) \u003d count(//*[text() \u003d \u0027Browse\u0027])]\u0027 not found)","description":"","startTime":1516108877136,"endTime":1516108907861,"childRecords":[{"testStatus":{"stackTrace":"","statusValue":"FAILED"},"attachment":"1516108907710.png","type":"MESSAGE","name":"","message":"Unable to click on object \u0027Object Repository/Page_Modern Requirements4TFS 2018/a_Browse\u0027 (Root cause: com.kms.katalon.core.webui.exception.WebElementNotFoundException: Web element with id: \u0027Object Repository/Page_Modern Requirements4TFS 2018/a_Browse\u0027 located by \u0027By.xpath: //a[count(. | //*[@href \u003d \u0027javascript:openBrowseDialog();\u0027]) \u003d count(//*[@href \u003d \u0027javascript:openBrowseDialog();\u0027])][count(. | //*[@title \u003d \u0027Browse teams and projects\u0027]) \u003d count(//*[@title \u003d \u0027Browse teams and projects\u0027])][count(. | //*[text() \u003d \u0027Browse\u0027]) \u003d count(//*[text() \u003d \u0027Browse\u0027])]\u0027 not found)","startTime":1516108907860,"endTime":0,"childRecords":[],"interuppted":false}],"interuppted":false},{"testStatus":{"stackTrace":"","statusValue":"FAILED"},"type":"MESSAGE","name":"","message":"Test Cases/OpenProject FAILED because (of) Unable to click on object \u0027Object Repository/Page_Modern Requirements4TFS 2018/a_Browse\u0027 (Root cause: com.kms.katalon.core.webui.exception.WebElementNotFoundException: Web element with id: \u0027Object Repository/Page_Modern Requirements4TFS 2018/a_Browse\u0027 located by \u0027By.xpath: //a[count(. | //*[@href \u003d \u0027javascript:openBrowseDialog();\u0027]) \u003d count(//*[@href \u003d \u0027javascript:openBrowseDialog();\u0027])][count(. | //*[@title \u003d \u0027Browse teams and projects\u0027]) \u003d count(//*[@title \u003d \u0027Browse teams and projects\u0027])][count(. | //*[text() \u003d \u0027Browse\u0027]) \u003d count(//*[text() \u003d \u0027Browse\u0027])]\u0027 not found)","startTime":1516108907861,"endTime":0,"childRecords":[],"interuppted":false}],"interuppted":false}],"interuppted":false}