{"devicePlatform":"","logFolder":"H:\\KatalonProjects\\Mr4TfsUpdate2018\\Reports\\Mr4TfsPrereqs\\20180115_180620","runData":{"hostName":"mubbashir.shakil - Mubbashir2.edevtech.com","os":"Windows 10 64bit","katalonVersion":"5.2.0.1","browser":"Firefox 57.0","hostAddress":"10.0.0.43","sessionId":"32fe4a9d-a458-434a-be97-86acdda32e27","seleniumVersion":"3.7.1","proxyInformation":"ProxyInformation{proxyOption\u003dNO_PROXY, proxyServerType\u003dHTTP, password\u003d, proxyServerAddress\u003d, proxyServerPort\u003d0}","platform":"Windows 10"},"type":"TEST_SUITE","name":"Mr4TfsPrereqs","id":"Test Suites/Mr4TfsPrereqs","source":"","message":"Test Cases/OpenProject FAILED because (of) Unable to click on object \u0027Object Repository/Page_Modern Requirements4TFS 2018/a_Browse\u0027 (Root cause: com.kms.katalon.core.webui.exception.WebElementNotFoundException: Web element with id: \u0027Object Repository/Page_Modern Requirements4TFS 2018/a_Browse\u0027 located by \u0027By.xpath: //a[count(. | //*[@href \u003d \u0027javascript:openBrowseDialog();\u0027]) \u003d count(//*[@href \u003d \u0027javascript:openBrowseDialog();\u0027])][count(. | //*[@title \u003d \u0027Browse teams and projects\u0027]) \u003d count(//*[@title \u003d \u0027Browse teams and projects\u0027])][count(. | //*[text() \u003d \u0027Browse\u0027]) \u003d count(//*[text() \u003d \u0027Browse\u0027])]\u0027 not found)","description":"Prereq Contains Login And Open Project","startTime":1516021581776,"endTime":1516021645120,"childRecords":[{"isOptional":false,"type":"TEST_CASE","name":"Test Cases/Mr4TfsLogin","id":"Test Cases/Mr4TfsLogin","source":"H:\\\\KatalonProjects\\\\Mr4TfsUpdate2018Test Cases\\\\Mr4TfsLogin.tc","message":"Test Cases/Mr4TfsLogin","description":"Login Test Case","startTime":1516021581953,"endTime":1516021613970,"childRecords":[{"testStatus":{"stackTrace":"","statusValue":"INFO"},"type":"MESSAGE","name":"","message":"Evaluating variables for test case","startTime":1516021582026,"endTime":0,"childRecords":[],"interuppted":false},{"index":1,"isIgnoredIfFailed":false,"type":"TEST_STEP","name":"openBrowser","message":"Browser is opened with url: \u0027\u0027","description":"","startTime":1516021582188,"endTime":1516021586498,"childRecords":[{"testStatus":{"stackTrace":"","statusValue":"PASSED"},"type":"MESSAGE","name":"","message":"Browser is opened with url: \u0027\u0027","startTime":1516021586497,"endTime":0,"childRecords":[],"interuppted":false}],"interuppted":false},{"index":2,"isIgnoredIfFailed":false,"type":"TEST_STEP","name":"maximizeWindow","message":"Current window maximized","description":"","startTime":1516021586498,"endTime":1516021586542,"childRecords":[{"testStatus":{"stackTrace":"","statusValue":"PASSED"},"type":"MESSAGE","name":"","message":"Current window maximized","startTime":1516021586541,"endTime":0,"childRecords":[],"interuppted":false}],"interuppted":false},{"index":3,"isIgnoredIfFailed":false,"type":"TEST_STEP","name":"navigateToUrl","message":"Navigate to \u0027http://ghous:8028\u0027 successfully","description":"","startTime":1516021586542,"endTime":1516021612164,"childRecords":[{"testStatus":{"stackTrace":"","statusValue":"PASSED"},"type":"MESSAGE","name":"","message":"Navigate to \u0027http://ghous:8028\u0027 successfully","startTime":1516021612163,"endTime":0,"childRecords":[],"interuppted":false}],"interuppted":false},{"index":4,"isIgnoredIfFailed":false,"type":"TEST_STEP","name":"setText","message":"Text \u0027http://attfs2017:8080/tfs\u0027 is set on object \u0027Object Repository/Page_Sign In/input_TFSServerURL\u0027","description":"","startTime":1516021612164,"endTime":1516021612279,"childRecords":[{"testStatus":{"stackTrace":"","statusValue":"PASSED"},"type":"MESSAGE","name":"","message":"Text \u0027http://attfs2017:8080/tfs\u0027 is set on object \u0027Object Repository/Page_Sign In/input_TFSServerURL\u0027","startTime":1516021612278,"endTime":0,"childRecords":[],"interuppted":false}],"interuppted":false},{"index":5,"isIgnoredIfFailed":false,"type":"TEST_STEP","name":"setText","message":"Text \u0027fahad\u0027 is set on object \u0027Object Repository/Page_Sign In/input_EmailAddress\u0027","description":"","startTime":1516021612279,"endTime":1516021612341,"childRecords":[{"testStatus":{"stackTrace":"","statusValue":"PASSED"},"type":"MESSAGE","name":"","message":"Text \u0027fahad\u0027 is set on object \u0027Object Repository/Page_Sign In/input_EmailAddress\u0027","startTime":1516021612341,"endTime":0,"childRecords":[],"interuppted":false}],"interuppted":false},{"index":6,"isIgnoredIfFailed":false,"type":"TEST_STEP","name":"setText","message":"Text \u0027f12345\u0027 is set on object \u0027Object Repository/Page_Sign In/input_Password\u0027","description":"","startTime":1516021612341,"endTime":1516021612398,"childRecords":[{"testStatus":{"stackTrace":"","statusValue":"PASSED"},"type":"MESSAGE","name":"","message":"Text \u0027f12345\u0027 is set on object \u0027Object Repository/Page_Sign In/input_Password\u0027","startTime":1516021612397,"endTime":0,"childRecords":[],"interuppted":false}],"interuppted":false},{"index":7,"isIgnoredIfFailed":false,"type":"TEST_STEP","name":"click","message":"Object: \u0027Object Repository/Page_Sign In/input_btnSignIn\u0027 is clicked on","description":"Click Sign In Button","startTime":1516021612398,"endTime":1516021613920,"childRecords":[{"testStatus":{"stackTrace":"","statusValue":"PASSED"},"type":"MESSAGE","name":"","message":"Object: \u0027Object Repository/Page_Sign In/input_btnSignIn\u0027 is clicked on","startTime":1516021613919,"endTime":0,"childRecords":[],"interuppted":false}],"interuppted":false},{"index":8,"isIgnoredIfFailed":false,"type":"TEST_STEP","name":"Statement - isBrowseButtonShowing \u003d com.kms.katalon.core.webui.keyword.WebUiBuiltInKeywords.getText(com.kms.katalon.core.testobject.ObjectRepository.findTestObject(Object Repository/Page_Modern Requirements4TFS 2018/a_Browse))","message":"Text of object \u0027Object Repository/Page_Modern Requirements4TFS 2018/a_Browse\u0027 is: \u0027Browse\u0027","description":"","startTime":1516021613920,"endTime":1516021613943,"childRecords":[{"testStatus":{"stackTrace":"","statusValue":"PASSED"},"type":"MESSAGE","name":"","message":"Text of object \u0027Object Repository/Page_Modern Requirements4TFS 2018/a_Browse\u0027 is: \u0027Browse\u0027","startTime":1516021613943,"endTime":0,"childRecords":[],"interuppted":false}],"interuppted":false},{"index":9,"isIgnoredIfFailed":false,"type":"TEST_STEP","name":"Statement - assert isBrowseButtonShowing \u003d\u003d \"Browse\"","description":"","startTime":1516021613943,"endTime":1516021613945,"childRecords":[],"interuppted":false},{"index":10,"isIgnoredIfFailed":false,"type":"TEST_STEP","name":"click","message":"Object: \u0027Object Repository/Page_Modern Requirements4TFS 2018/a_Sign out\u0027 is clicked on","description":"","startTime":1516021613945,"endTime":1516021613969,"childRecords":[{"testStatus":{"stackTrace":"","statusValue":"PASSED"},"type":"MESSAGE","name":"","message":"Object: \u0027Object Repository/Page_Modern Requirements4TFS 2018/a_Sign out\u0027 is clicked on","startTime":1516021613969,"endTime":0,"childRecords":[],"interuppted":false}],"interuppted":false},{"testStatus":{"stackTrace":"","statusValue":"PASSED"},"type":"MESSAGE","name":"","message":"Test Cases/Mr4TfsLogin","startTime":1516021613970,"endTime":0,"childRecords":[],"interuppted":false}],"interuppted":false},{"isOptional":false,"type":"TEST_CASE","name":"Test Cases/OpenProject","id":"Test Cases/OpenProject","source":"H:\\\\KatalonProjects\\\\Mr4TfsUpdate2018Test Cases\\\\OpenProject.tc","message":"Test Cases/OpenProject FAILED because (of) Unable to click on object \u0027Object Repository/Page_Modern Requirements4TFS 2018/a_Browse\u0027 (Root cause: com.kms.katalon.core.webui.exception.WebElementNotFoundException: Web element with id: \u0027Object Repository/Page_Modern Requirements4TFS 2018/a_Browse\u0027 located by \u0027By.xpath: //a[count(. | //*[@href \u003d \u0027javascript:openBrowseDialog();\u0027]) \u003d count(//*[@href \u003d \u0027javascript:openBrowseDialog();\u0027])][count(. | //*[@title \u003d \u0027Browse teams and projects\u0027]) \u003d count(//*[@title \u003d \u0027Browse teams and projects\u0027])][count(. | //*[text() \u003d \u0027Browse\u0027]) \u003d count(//*[text() \u003d \u0027Browse\u0027])]\u0027 not found)","description":"Open Project In Mr4Tfs","startTime":1516021614024,"endTime":1516021644872,"childRecords":[{"testStatus":{"stackTrace":"","statusValue":"INFO"},"type":"MESSAGE","name":"","message":"Evaluating variables for test case","startTime":1516021614029,"endTime":0,"childRecords":[],"interuppted":false},{"attachment":"1516021644743.png","index":1,"isIgnoredIfFailed":false,"type":"TEST_STEP","name":"click","message":"Unable to click on object \u0027Object Repository/Page_Modern Requirements4TFS 2018/a_Browse\u0027 (Root cause: com.kms.katalon.core.webui.exception.WebElementNotFoundException: Web element with id: \u0027Object Repository/Page_Modern Requirements4TFS 2018/a_Browse\u0027 located by \u0027By.xpath: //a[count(. | //*[@href \u003d \u0027javascript:openBrowseDialog();\u0027]) \u003d count(//*[@href \u003d \u0027javascript:openBrowseDialog();\u0027])][count(. | //*[@title \u003d \u0027Browse teams and projects\u0027]) \u003d count(//*[@title \u003d \u0027Browse teams and projects\u0027])][count(. | //*[text() \u003d \u0027Browse\u0027]) \u003d count(//*[text() \u003d \u0027Browse\u0027])]\u0027 not found)","description":"","startTime":1516021614170,"endTime":1516021644870,"childRecords":[{"testStatus":{"stackTrace":"","statusValue":"FAILED"},"attachment":"1516021644743.png","type":"MESSAGE","name":"","message":"Unable to click on object \u0027Object Repository/Page_Modern Requirements4TFS 2018/a_Browse\u0027 (Root cause: com.kms.katalon.core.webui.exception.WebElementNotFoundException: Web element with id: \u0027Object Repository/Page_Modern Requirements4TFS 2018/a_Browse\u0027 located by \u0027By.xpath: //a[count(. | //*[@href \u003d \u0027javascript:openBrowseDialog();\u0027]) \u003d count(//*[@href \u003d \u0027javascript:openBrowseDialog();\u0027])][count(. | //*[@title \u003d \u0027Browse teams and projects\u0027]) \u003d count(//*[@title \u003d \u0027Browse teams and projects\u0027])][count(. | //*[text() \u003d \u0027Browse\u0027]) \u003d count(//*[text() \u003d \u0027Browse\u0027])]\u0027 not found)","startTime":1516021644870,"endTime":0,"childRecords":[],"interuppted":false}],"interuppted":false},{"testStatus":{"stackTrace":"","statusValue":"FAILED"},"type":"MESSAGE","name":"","message":"Test Cases/OpenProject FAILED because (of) Unable to click on object \u0027Object Repository/Page_Modern Requirements4TFS 2018/a_Browse\u0027 (Root cause: com.kms.katalon.core.webui.exception.WebElementNotFoundException: Web element with id: \u0027Object Repository/Page_Modern Requirements4TFS 2018/a_Browse\u0027 located by \u0027By.xpath: //a[count(. | //*[@href \u003d \u0027javascript:openBrowseDialog();\u0027]) \u003d count(//*[@href \u003d \u0027javascript:openBrowseDialog();\u0027])][count(. | //*[@title \u003d \u0027Browse teams and projects\u0027]) \u003d count(//*[@title \u003d \u0027Browse teams and projects\u0027])][count(. | //*[text() \u003d \u0027Browse\u0027]) \u003d count(//*[text() \u003d \u0027Browse\u0027])]\u0027 not found)","startTime":1516021644871,"endTime":0,"childRecords":[],"interuppted":false}],"interuppted":false}],"interuppted":false}