{"devicePlatform":"","logFolder":"H:\\KatalonProjects\\Mr4TfsUpdate2018\\Reports\\Mr4TfsPrereqs\\20180116_120426","runData":{"hostName":"mubbashir.shakil - Mubbashir2.edevtech.com","os":"Windows 10 64bit","katalonVersion":"5.2.0.1","browser":"Firefox 57.0","hostAddress":"10.0.0.43","sessionId":"b051d228-15a6-4797-8177-a9a68efc8e30","seleniumVersion":"3.7.1","proxyInformation":"ProxyInformation{proxyOption\u003dNO_PROXY, proxyServerType\u003dHTTP, password\u003d, proxyServerAddress\u003d, proxyServerPort\u003d0}","platform":"Windows 10"},"type":"TEST_SUITE","name":"Mr4TfsPrereqs","id":"Test Suites/Mr4TfsPrereqs","source":"","message":"Test Cases/Mr4TfsLogin FAILED because (of) Unable to get text of object \u0027Object Repository/Page_Modern Requirements4TFS 2018/a_Browse\u0027 (Root cause: com.kms.katalon.core.webui.exception.WebElementNotFoundException: Web element with id: \u0027Object Repository/Page_Modern Requirements4TFS 2018/a_Browse\u0027 located by \u0027By.xpath: //a[count(. | //*[@href \u003d \u0027javascript:openBrowseDialog();\u0027]) \u003d count(//*[@href \u003d \u0027javascript:openBrowseDialog();\u0027])][count(. | //*[@title \u003d \u0027Browse teams and projects\u0027]) \u003d count(//*[@title \u003d \u0027Browse teams and projects\u0027])][count(. | //*[text() \u003d \u0027Browse\u0027]) \u003d count(//*[text() \u003d \u0027Browse\u0027])]\u0027 not found)","description":"Prereq Contains Login And Open Project","startTime":1516086267494,"endTime":1516086378165,"childRecords":[{"isOptional":false,"type":"TEST_CASE","name":"Test Cases/Mr4TfsLogin","id":"Test Cases/Mr4TfsLogin","source":"H:\\\\KatalonProjects\\\\Mr4TfsUpdate2018Test Cases\\\\Mr4TfsLogin.tc","message":"Test Cases/Mr4TfsLogin FAILED because (of) Unable to get text of object \u0027Object Repository/Page_Modern Requirements4TFS 2018/a_Browse\u0027 (Root cause: com.kms.katalon.core.webui.exception.WebElementNotFoundException: Web element with id: \u0027Object Repository/Page_Modern Requirements4TFS 2018/a_Browse\u0027 located by \u0027By.xpath: //a[count(. | //*[@href \u003d \u0027javascript:openBrowseDialog();\u0027]) \u003d count(//*[@href \u003d \u0027javascript:openBrowseDialog();\u0027])][count(. | //*[@title \u003d \u0027Browse teams and projects\u0027]) \u003d count(//*[@title \u003d \u0027Browse teams and projects\u0027])][count(. | //*[text() \u003d \u0027Browse\u0027]) \u003d count(//*[text() \u003d \u0027Browse\u0027])]\u0027 not found)","description":"Login Test Case","startTime":1516086267676,"endTime":1516086346955,"childRecords":[{"testStatus":{"stackTrace":"","statusValue":"INFO"},"type":"MESSAGE","name":"","message":"Evaluating variables for test case","startTime":1516086267763,"endTime":0,"childRecords":[],"interuppted":false},{"index":1,"isIgnoredIfFailed":false,"type":"TEST_STEP","name":"openBrowser","message":"Browser is opened with url: \u0027\u0027","description":"","startTime":1516086267927,"endTime":1516086286967,"childRecords":[{"testStatus":{"stackTrace":"","statusValue":"PASSED"},"type":"MESSAGE","name":"","message":"Browser is opened with url: \u0027\u0027","startTime":1516086286967,"endTime":0,"childRecords":[],"interuppted":false}],"interuppted":false},{"index":2,"isIgnoredIfFailed":false,"type":"TEST_STEP","name":"maximizeWindow","message":"Current window maximized","description":"","startTime":1516086286968,"endTime":1516086287053,"childRecords":[{"testStatus":{"stackTrace":"","statusValue":"PASSED"},"type":"MESSAGE","name":"","message":"Current window maximized","startTime":1516086287053,"endTime":0,"childRecords":[],"interuppted":false}],"interuppted":false},{"index":3,"isIgnoredIfFailed":false,"type":"TEST_STEP","name":"navigateToUrl","message":"Navigate to \u0027http://ghous:8028\u0027 successfully","description":"","startTime":1516086287054,"endTime":1516086314023,"childRecords":[{"testStatus":{"stackTrace":"","statusValue":"PASSED"},"type":"MESSAGE","name":"","message":"Navigate to \u0027http://ghous:8028\u0027 successfully","startTime":1516086314022,"endTime":0,"childRecords":[],"interuppted":false}],"interuppted":false},{"index":4,"isIgnoredIfFailed":false,"type":"TEST_STEP","name":"setText","message":"Text \u0027attfs2017:8080/tfs\u0027 is set on object \u0027Object Repository/Page_Sign In/input_TFSServerURL\u0027","description":"","startTime":1516086314023,"endTime":1516086314265,"childRecords":[{"testStatus":{"stackTrace":"","statusValue":"PASSED"},"type":"MESSAGE","name":"","message":"Text \u0027attfs2017:8080/tfs\u0027 is set on object \u0027Object Repository/Page_Sign In/input_TFSServerURL\u0027","startTime":1516086314264,"endTime":0,"childRecords":[],"interuppted":false}],"interuppted":false},{"index":5,"isIgnoredIfFailed":false,"type":"TEST_STEP","name":"setText","message":"Text \u0027fahad\u0027 is set on object \u0027Object Repository/Page_Sign In/input_EmailAddress\u0027","description":"","startTime":1516086314265,"endTime":1516086314337,"childRecords":[{"testStatus":{"stackTrace":"","statusValue":"PASSED"},"type":"MESSAGE","name":"","message":"Text \u0027fahad\u0027 is set on object \u0027Object Repository/Page_Sign In/input_EmailAddress\u0027","startTime":1516086314337,"endTime":0,"childRecords":[],"interuppted":false}],"interuppted":false},{"index":6,"isIgnoredIfFailed":false,"type":"TEST_STEP","name":"setText","message":"Text \u0027f12345\u0027 is set on object \u0027Object Repository/Page_Sign In/input_Password\u0027","description":"","startTime":1516086314337,"endTime":1516086314409,"childRecords":[{"testStatus":{"stackTrace":"","statusValue":"PASSED"},"type":"MESSAGE","name":"","message":"Text \u0027f12345\u0027 is set on object \u0027Object Repository/Page_Sign In/input_Password\u0027","startTime":1516086314408,"endTime":0,"childRecords":[],"interuppted":false}],"interuppted":false},{"index":7,"isIgnoredIfFailed":false,"type":"TEST_STEP","name":"click","message":"Object: \u0027Object Repository/Page_Sign In/input_btnSignIn\u0027 is clicked on","description":"Click Sign In Button","startTime":1516086314410,"endTime":1516086316004,"childRecords":[{"testStatus":{"stackTrace":"","statusValue":"PASSED"},"type":"MESSAGE","name":"","message":"Object: \u0027Object Repository/Page_Sign In/input_btnSignIn\u0027 is clicked on","startTime":1516086316004,"endTime":0,"childRecords":[],"interuppted":false}],"interuppted":false},{"attachment":"1516086346647.png","index":8,"isIgnoredIfFailed":false,"type":"TEST_STEP","name":"Statement - isBrowseButtonShowing \u003d com.kms.katalon.core.webui.keyword.WebUiBuiltInKeywords.getText(com.kms.katalon.core.testobject.ObjectRepository.findTestObject(Object Repository/Page_Modern Requirements4TFS 2018/a_Browse))","message":"Unable to get text of object \u0027Object Repository/Page_Modern Requirements4TFS 2018/a_Browse\u0027 (Root cause: com.kms.katalon.core.webui.exception.WebElementNotFoundException: Web element with id: \u0027Object Repository/Page_Modern Requirements4TFS 2018/a_Browse\u0027 located by \u0027By.xpath: //a[count(. | //*[@href \u003d \u0027javascript:openBrowseDialog();\u0027]) \u003d count(//*[@href \u003d \u0027javascript:openBrowseDialog();\u0027])][count(. | //*[@title \u003d \u0027Browse teams and projects\u0027]) \u003d count(//*[@title \u003d \u0027Browse teams and projects\u0027])][count(. | //*[text() \u003d \u0027Browse\u0027]) \u003d count(//*[text() \u003d \u0027Browse\u0027])]\u0027 not found)","description":"","startTime":1516086316004,"endTime":1516086346953,"childRecords":[{"testStatus":{"stackTrace":"","statusValue":"FAILED"},"attachment":"1516086346647.png","type":"MESSAGE","name":"","message":"Unable to get text of object \u0027Object Repository/Page_Modern Requirements4TFS 2018/a_Browse\u0027 (Root cause: com.kms.katalon.core.webui.exception.WebElementNotFoundException: Web element with id: \u0027Object Repository/Page_Modern Requirements4TFS 2018/a_Browse\u0027 located by \u0027By.xpath: //a[count(. | //*[@href \u003d \u0027javascript:openBrowseDialog();\u0027]) \u003d count(//*[@href \u003d \u0027javascript:openBrowseDialog();\u0027])][count(. | //*[@title \u003d \u0027Browse teams and projects\u0027]) \u003d count(//*[@title \u003d \u0027Browse teams and projects\u0027])][count(. | //*[text() \u003d \u0027Browse\u0027]) \u003d count(//*[text() \u003d \u0027Browse\u0027])]\u0027 not found)","startTime":1516086346953,"endTime":0,"childRecords":[],"interuppted":false}],"interuppted":false},{"testStatus":{"stackTrace":"","statusValue":"FAILED"},"type":"MESSAGE","name":"","message":"Test Cases/Mr4TfsLogin FAILED because (of) Unable to get text of object \u0027Object Repository/Page_Modern Requirements4TFS 2018/a_Browse\u0027 (Root cause: com.kms.katalon.core.webui.exception.WebElementNotFoundException: Web element with id: \u0027Object Repository/Page_Modern Requirements4TFS 2018/a_Browse\u0027 located by \u0027By.xpath: //a[count(. | //*[@href \u003d \u0027javascript:openBrowseDialog();\u0027]) \u003d count(//*[@href \u003d \u0027javascript:openBrowseDialog();\u0027])][count(. | //*[@title \u003d \u0027Browse teams and projects\u0027]) \u003d count(//*[@title \u003d \u0027Browse teams and projects\u0027])][count(. | //*[text() \u003d \u0027Browse\u0027]) \u003d count(//*[text() \u003d \u0027Browse\u0027])]\u0027 not found)","startTime":1516086346953,"endTime":0,"childRecords":[],"interuppted":false}],"interuppted":false},{"isOptional":false,"type":"TEST_CASE","name":"Test Cases/OpenProject","id":"Test Cases/OpenProject","source":"H:\\\\KatalonProjects\\\\Mr4TfsUpdate2018Test Cases\\\\OpenProject.tc","message":"Test Cases/OpenProject FAILED because (of) Unable to click on object \u0027Object Repository/Page_Modern Requirements4TFS 2018/a_Browse\u0027 (Root cause: com.kms.katalon.core.webui.exception.WebElementNotFoundException: Web element with id: \u0027Object Repository/Page_Modern Requirements4TFS 2018/a_Browse\u0027 located by \u0027By.xpath: //a[count(. | //*[@href \u003d \u0027javascript:openBrowseDialog();\u0027]) \u003d count(//*[@href \u003d \u0027javascript:openBrowseDialog();\u0027])][count(. | //*[@title \u003d \u0027Browse teams and projects\u0027]) \u003d count(//*[@title \u003d \u0027Browse teams and projects\u0027])][count(. | //*[text() \u003d \u0027Browse\u0027]) \u003d count(//*[text() \u003d \u0027Browse\u0027])]\u0027 not found)","description":"Open Project In Mr4Tfs","startTime":1516086347007,"endTime":1516086377934,"childRecords":[{"testStatus":{"stackTrace":"","statusValue":"INFO"},"type":"MESSAGE","name":"","message":"Evaluating variables for test case","startTime":1516086347031,"endTime":0,"childRecords":[],"interuppted":false},{"attachment":"1516086377776.png","index":1,"isIgnoredIfFailed":false,"type":"TEST_STEP","name":"click","message":"Unable to click on object \u0027Object Repository/Page_Modern Requirements4TFS 2018/a_Browse\u0027 (Root cause: com.kms.katalon.core.webui.exception.WebElementNotFoundException: Web element with id: \u0027Object Repository/Page_Modern Requirements4TFS 2018/a_Browse\u0027 located by \u0027By.xpath: //a[count(. | //*[@href \u003d \u0027javascript:openBrowseDialog();\u0027]) \u003d count(//*[@href \u003d \u0027javascript:openBrowseDialog();\u0027])][count(. | //*[@title \u003d \u0027Browse teams and projects\u0027]) \u003d count(//*[@title \u003d \u0027Browse teams and projects\u0027])][count(. | //*[text() \u003d \u0027Browse\u0027]) \u003d count(//*[text() \u003d \u0027Browse\u0027])]\u0027 not found)","description":"","startTime":1516086347106,"endTime":1516086377933,"childRecords":[{"testStatus":{"stackTrace":"","statusValue":"FAILED"},"attachment":"1516086377776.png","type":"MESSAGE","name":"","message":"Unable to click on object \u0027Object Repository/Page_Modern Requirements4TFS 2018/a_Browse\u0027 (Root cause: com.kms.katalon.core.webui.exception.WebElementNotFoundException: Web element with id: \u0027Object Repository/Page_Modern Requirements4TFS 2018/a_Browse\u0027 located by \u0027By.xpath: //a[count(. | //*[@href \u003d \u0027javascript:openBrowseDialog();\u0027]) \u003d count(//*[@href \u003d \u0027javascript:openBrowseDialog();\u0027])][count(. | //*[@title \u003d \u0027Browse teams and projects\u0027]) \u003d count(//*[@title \u003d \u0027Browse teams and projects\u0027])][count(. | //*[text() \u003d \u0027Browse\u0027]) \u003d count(//*[text() \u003d \u0027Browse\u0027])]\u0027 not found)","startTime":1516086377933,"endTime":0,"childRecords":[],"interuppted":false}],"interuppted":false},{"testStatus":{"stackTrace":"","statusValue":"FAILED"},"type":"MESSAGE","name":"","message":"Test Cases/OpenProject FAILED because (of) Unable to click on object \u0027Object Repository/Page_Modern Requirements4TFS 2018/a_Browse\u0027 (Root cause: com.kms.katalon.core.webui.exception.WebElementNotFoundException: Web element with id: \u0027Object Repository/Page_Modern Requirements4TFS 2018/a_Browse\u0027 located by \u0027By.xpath: //a[count(. | //*[@href \u003d \u0027javascript:openBrowseDialog();\u0027]) \u003d count(//*[@href \u003d \u0027javascript:openBrowseDialog();\u0027])][count(. | //*[@title \u003d \u0027Browse teams and projects\u0027]) \u003d count(//*[@title \u003d \u0027Browse teams and projects\u0027])][count(. | //*[text() \u003d \u0027Browse\u0027]) \u003d count(//*[text() \u003d \u0027Browse\u0027])]\u0027 not found)","startTime":1516086377933,"endTime":0,"childRecords":[],"interuppted":false}],"interuppted":false}],"interuppted":false}