{"devicePlatform":"","logFolder":"H:\\KatalonProjects\\Mr4TfsUpdate2018\\Reports\\Mr4TfsPrereqs\\20180115_181406","runData":{"hostName":"mubbashir.shakil - Mubbashir2.edevtech.com","os":"Windows 10 64bit","katalonVersion":"5.2.0.1","browser":"IE 11","hostAddress":"10.0.0.43","sessionId":"8d86605f-960b-44ab-81a1-2d9161cd73a4","seleniumVersion":"3.7.1","proxyInformation":"ProxyInformation{proxyOption\u003dNO_PROXY, proxyServerType\u003dHTTP, password\u003d, proxyServerAddress\u003d, proxyServerPort\u003d0}","platform":"Windows 10"},"type":"TEST_SUITE","name":"Mr4TfsPrereqs","id":"Test Suites/Mr4TfsPrereqs","source":"","message":"Test Cases/Mr4TfsLogin FAILED because (of) Unable to navigate to \u0027http://ghous:8028\u0027 (Root cause: org.openqa.selenium.WebDriverException: Failed to navigate to http://ghous:8028. This usually means that a call to the COM method IWebBrowser2::Navigate2() failed.\nBuild info: version: \u00273.7.1\u0027, revision: \u00278a0099a\u0027, time: \u00272017-11-06T21:07:36.161Z\u0027\nSystem info: host: \u0027MUBBASHIR2\u0027, ip: \u002710.0.0.43\u0027, os.name: \u0027Windows 10\u0027, os.arch: \u0027amd64\u0027, os.version: \u002710.0\u0027, java.version: \u00271.8.0_102\u0027\nDriver info: com.kms.katalon.selenium.driver.CInternetExplorerDriver\nCapabilities {acceptInsecureCerts: false, browserName: internet explorer, browserVersion: 11, javascriptEnabled: true, pageLoadStrategy: normal, platform: WINDOWS, platformName: WINDOWS, se:ieOptions: {browserAttachTimeout: 0, elementScrollBehavior: 0, enablePersistentHover: true, ie.browserCommandLineSwitches: , ie.ensureCleanSession: false, ie.fileUploadDialogTimeout: 3000, ie.forceCreateProcessApi: false, ignoreProtectedModeSettings: false, ignoreZoomSetting: false, initialBrowserUrl: http://localhost:31764/, nativeEvents: true, requireWindowFocus: false}, setWindowRect: true}\nSession ID: 8d86605f-960b-44ab-81a1-2d9161cd73a4)","description":"Prereq Contains Login And Open Project","startTime":1516022047031,"endTime":1516022102147,"childRecords":[{"isOptional":false,"type":"TEST_CASE","name":"Test Cases/Mr4TfsLogin","id":"Test Cases/Mr4TfsLogin","source":"H:\\\\KatalonProjects\\\\Mr4TfsUpdate2018Test Cases\\\\Mr4TfsLogin.tc","message":"Test Cases/Mr4TfsLogin FAILED because (of) Unable to navigate to \u0027http://ghous:8028\u0027 (Root cause: org.openqa.selenium.WebDriverException: Failed to navigate to http://ghous:8028. This usually means that a call to the COM method IWebBrowser2::Navigate2() failed.\nBuild info: version: \u00273.7.1\u0027, revision: \u00278a0099a\u0027, time: \u00272017-11-06T21:07:36.161Z\u0027\nSystem info: host: \u0027MUBBASHIR2\u0027, ip: \u002710.0.0.43\u0027, os.name: \u0027Windows 10\u0027, os.arch: \u0027amd64\u0027, os.version: \u002710.0\u0027, java.version: \u00271.8.0_102\u0027\nDriver info: com.kms.katalon.selenium.driver.CInternetExplorerDriver\nCapabilities {acceptInsecureCerts: false, browserName: internet explorer, browserVersion: 11, javascriptEnabled: true, pageLoadStrategy: normal, platform: WINDOWS, platformName: WINDOWS, se:ieOptions: {browserAttachTimeout: 0, elementScrollBehavior: 0, enablePersistentHover: true, ie.browserCommandLineSwitches: , ie.ensureCleanSession: false, ie.fileUploadDialogTimeout: 3000, ie.forceCreateProcessApi: false, ignoreProtectedModeSettings: false, ignoreZoomSetting: false, initialBrowserUrl: http://localhost:31764/, nativeEvents: true, requireWindowFocus: false}, setWindowRect: true}\nSession ID: 8d86605f-960b-44ab-81a1-2d9161cd73a4)","description":"Login Test Case","startTime":1516022047221,"endTime":1516022058758,"childRecords":[{"testStatus":{"stackTrace":"","statusValue":"INFO"},"type":"MESSAGE","name":"","message":"Evaluating variables for test case","startTime":1516022047300,"endTime":0,"childRecords":[],"interuppted":false},{"index":1,"isIgnoredIfFailed":false,"type":"TEST_STEP","name":"openBrowser","message":"Browser is opened with url: \u0027\u0027","description":"","startTime":1516022047478,"endTime":1516022058156,"childRecords":[{"testStatus":{"stackTrace":"","statusValue":"PASSED"},"type":"MESSAGE","name":"","message":"Browser is opened with url: \u0027\u0027","startTime":1516022058155,"endTime":0,"childRecords":[],"interuppted":false}],"interuppted":false},{"index":2,"isIgnoredIfFailed":false,"type":"TEST_STEP","name":"maximizeWindow","message":"Current window maximized","description":"","startTime":1516022058156,"endTime":1516022058182,"childRecords":[{"testStatus":{"stackTrace":"","statusValue":"PASSED"},"type":"MESSAGE","name":"","message":"Current window maximized","startTime":1516022058182,"endTime":0,"childRecords":[],"interuppted":false}],"interuppted":false},{"attachment":"1516022058653.png","index":3,"isIgnoredIfFailed":false,"type":"TEST_STEP","name":"navigateToUrl","message":"Unable to navigate to \u0027http://ghous:8028\u0027 (Root cause: org.openqa.selenium.WebDriverException: Failed to navigate to http://ghous:8028. This usually means that a call to the COM method IWebBrowser2::Navigate2() failed.\nBuild info: version: \u00273.7.1\u0027, revision: \u00278a0099a\u0027, time: \u00272017-11-06T21:07:36.161Z\u0027\nSystem info: host: \u0027MUBBASHIR2\u0027, ip: \u002710.0.0.43\u0027, os.name: \u0027Windows 10\u0027, os.arch: \u0027amd64\u0027, os.version: \u002710.0\u0027, java.version: \u00271.8.0_102\u0027\nDriver info: com.kms.katalon.selenium.driver.CInternetExplorerDriver\nCapabilities {acceptInsecureCerts: false, browserName: internet explorer, browserVersion: 11, javascriptEnabled: true, pageLoadStrategy: normal, platform: WINDOWS, platformName: WINDOWS, se:ieOptions: {browserAttachTimeout: 0, elementScrollBehavior: 0, enablePersistentHover: true, ie.browserCommandLineSwitches: , ie.ensureCleanSession: false, ie.fileUploadDialogTimeout: 3000, ie.forceCreateProcessApi: false, ignoreProtectedModeSettings: false, ignoreZoomSetting: false, initialBrowserUrl: http://localhost:31764/, nativeEvents: true, requireWindowFocus: false}, setWindowRect: true}\nSession ID: 8d86605f-960b-44ab-81a1-2d9161cd73a4)","description":"","startTime":1516022058183,"endTime":1516022058756,"childRecords":[{"testStatus":{"stackTrace":"","statusValue":"FAILED"},"attachment":"1516022058653.png","type":"MESSAGE","name":"","message":"Unable to navigate to \u0027http://ghous:8028\u0027 (Root cause: org.openqa.selenium.WebDriverException: Failed to navigate to http://ghous:8028. This usually means that a call to the COM method IWebBrowser2::Navigate2() failed.\nBuild info: version: \u00273.7.1\u0027, revision: \u00278a0099a\u0027, time: \u00272017-11-06T21:07:36.161Z\u0027\nSystem info: host: \u0027MUBBASHIR2\u0027, ip: \u002710.0.0.43\u0027, os.name: \u0027Windows 10\u0027, os.arch: \u0027amd64\u0027, os.version: \u002710.0\u0027, java.version: \u00271.8.0_102\u0027\nDriver info: com.kms.katalon.selenium.driver.CInternetExplorerDriver\nCapabilities {acceptInsecureCerts: false, browserName: internet explorer, browserVersion: 11, javascriptEnabled: true, pageLoadStrategy: normal, platform: WINDOWS, platformName: WINDOWS, se:ieOptions: {browserAttachTimeout: 0, elementScrollBehavior: 0, enablePersistentHover: true, ie.browserCommandLineSwitches: , ie.ensureCleanSession: false, ie.fileUploadDialogTimeout: 3000, ie.forceCreateProcessApi: false, ignoreProtectedModeSettings: false, ignoreZoomSetting: false, initialBrowserUrl: http://localhost:31764/, nativeEvents: true, requireWindowFocus: false}, setWindowRect: true}\nSession ID: 8d86605f-960b-44ab-81a1-2d9161cd73a4)","startTime":1516022058755,"endTime":0,"childRecords":[],"interuppted":false}],"interuppted":false},{"testStatus":{"stackTrace":"","statusValue":"FAILED"},"type":"MESSAGE","name":"","message":"Test Cases/Mr4TfsLogin FAILED because (of) Unable to navigate to \u0027http://ghous:8028\u0027 (Root cause: org.openqa.selenium.WebDriverException: Failed to navigate to http://ghous:8028. This usually means that a call to the COM method IWebBrowser2::Navigate2() failed.\nBuild info: version: \u00273.7.1\u0027, revision: \u00278a0099a\u0027, time: \u00272017-11-06T21:07:36.161Z\u0027\nSystem info: host: \u0027MUBBASHIR2\u0027, ip: \u002710.0.0.43\u0027, os.name: \u0027Windows 10\u0027, os.arch: \u0027amd64\u0027, os.version: \u002710.0\u0027, java.version: \u00271.8.0_102\u0027\nDriver info: com.kms.katalon.selenium.driver.CInternetExplorerDriver\nCapabilities {acceptInsecureCerts: false, browserName: internet explorer, browserVersion: 11, javascriptEnabled: true, pageLoadStrategy: normal, platform: WINDOWS, platformName: WINDOWS, se:ieOptions: {browserAttachTimeout: 0, elementScrollBehavior: 0, enablePersistentHover: true, ie.browserCommandLineSwitches: , ie.ensureCleanSession: false, ie.fileUploadDialogTimeout: 3000, ie.forceCreateProcessApi: false, ignoreProtectedModeSettings: false, ignoreZoomSetting: false, initialBrowserUrl: http://localhost:31764/, nativeEvents: true, requireWindowFocus: false}, setWindowRect: true}\nSession ID: 8d86605f-960b-44ab-81a1-2d9161cd73a4)","startTime":1516022058756,"endTime":0,"childRecords":[],"interuppted":false}],"interuppted":false},{"isOptional":false,"type":"TEST_CASE","name":"Test Cases/OpenProject","id":"Test Cases/OpenProject","source":"H:\\\\KatalonProjects\\\\Mr4TfsUpdate2018Test Cases\\\\OpenProject.tc","message":"Test Cases/OpenProject FAILED because (of) Unable to click on object \u0027Object Repository/Page_Modern Requirements4TFS 2018/a_Browse\u0027 (Root cause: org.openqa.selenium.NoSuchWindowException: Unable to find elements on closed window\nBuild info: version: \u00273.7.1\u0027, revision: \u00278a0099a\u0027, time: \u00272017-11-06T21:07:36.161Z\u0027\nSystem info: host: \u0027MUBBASHIR2\u0027, ip: \u002710.0.0.43\u0027, os.name: \u0027Windows 10\u0027, os.arch: \u0027amd64\u0027, os.version: \u002710.0\u0027, java.version: \u00271.8.0_102\u0027\nDriver info: com.kms.katalon.selenium.driver.CInternetExplorerDriver\nCapabilities {acceptInsecureCerts: false, browserName: internet explorer, browserVersion: 11, javascriptEnabled: true, pageLoadStrategy: normal, platform: WINDOWS, platformName: WINDOWS, se:ieOptions: {browserAttachTimeout: 0, elementScrollBehavior: 0, enablePersistentHover: true, ie.browserCommandLineSwitches: , ie.ensureCleanSession: false, ie.fileUploadDialogTimeout: 3000, ie.forceCreateProcessApi: false, ignoreProtectedModeSettings: false, ignoreZoomSetting: false, initialBrowserUrl: http://localhost:31764/, nativeEvents: true, requireWindowFocus: false}, setWindowRect: true}\nSession ID: 8d86605f-960b-44ab-81a1-2d9161cd73a4\n*** Element info: {Using\u003dxpath, value\u003d//a[count(. | //*[@href \u003d \u0027javascript:openBrowseDialog();\u0027]) \u003d count(//*[@href \u003d \u0027javascript:openBrowseDialog();\u0027])][count(. | //*[@title \u003d \u0027Browse teams and projects\u0027]) \u003d count(//*[@title \u003d \u0027Browse teams and projects\u0027])][count(. | //*[text() \u003d \u0027Browse\u0027]) \u003d count(//*[text() \u003d \u0027Browse\u0027])]})","description":"Open Project In Mr4Tfs","startTime":1516022058811,"endTime":1516022101600,"childRecords":[{"testStatus":{"stackTrace":"","statusValue":"INFO"},"type":"MESSAGE","name":"","message":"Evaluating variables for test case","startTime":1516022058817,"endTime":0,"childRecords":[],"interuppted":false},{"index":1,"isIgnoredIfFailed":false,"type":"TEST_STEP","name":"click","message":"Unable to click on object \u0027Object Repository/Page_Modern Requirements4TFS 2018/a_Browse\u0027 (Root cause: org.openqa.selenium.NoSuchWindowException: Unable to find elements on closed window\nBuild info: version: \u00273.7.1\u0027, revision: \u00278a0099a\u0027, time: \u00272017-11-06T21:07:36.161Z\u0027\nSystem info: host: \u0027MUBBASHIR2\u0027, ip: \u002710.0.0.43\u0027, os.name: \u0027Windows 10\u0027, os.arch: \u0027amd64\u0027, os.version: \u002710.0\u0027, java.version: \u00271.8.0_102\u0027\nDriver info: com.kms.katalon.selenium.driver.CInternetExplorerDriver\nCapabilities {acceptInsecureCerts: false, browserName: internet explorer, browserVersion: 11, javascriptEnabled: true, pageLoadStrategy: normal, platform: WINDOWS, platformName: WINDOWS, se:ieOptions: {browserAttachTimeout: 0, elementScrollBehavior: 0, enablePersistentHover: true, ie.browserCommandLineSwitches: , ie.ensureCleanSession: false, ie.fileUploadDialogTimeout: 3000, ie.forceCreateProcessApi: false, ignoreProtectedModeSettings: false, ignoreZoomSetting: false, initialBrowserUrl: http://localhost:31764/, nativeEvents: true, requireWindowFocus: false}, setWindowRect: true}\nSession ID: 8d86605f-960b-44ab-81a1-2d9161cd73a4\n*** Element info: {Using\u003dxpath, value\u003d//a[count(. | //*[@href \u003d \u0027javascript:openBrowseDialog();\u0027]) \u003d count(//*[@href \u003d \u0027javascript:openBrowseDialog();\u0027])][count(. | //*[@title \u003d \u0027Browse teams and projects\u0027]) \u003d count(//*[@title \u003d \u0027Browse teams and projects\u0027])][count(. | //*[text() \u003d \u0027Browse\u0027]) \u003d count(//*[text() \u003d \u0027Browse\u0027])]})","description":"","startTime":1516022058937,"endTime":1516022101596,"childRecords":[{"testStatus":{"stackTrace":"","statusValue":"WARNING"},"type":"MESSAGE","name":"","message":"Cannot take screenshot","startTime":1516022101594,"endTime":0,"childRecords":[],"interuppted":false},{"testStatus":{"stackTrace":"","statusValue":"FAILED"},"type":"MESSAGE","name":"","message":"Unable to click on object \u0027Object Repository/Page_Modern Requirements4TFS 2018/a_Browse\u0027 (Root cause: org.openqa.selenium.NoSuchWindowException: Unable to find elements on closed window\nBuild info: version: \u00273.7.1\u0027, revision: \u00278a0099a\u0027, time: \u00272017-11-06T21:07:36.161Z\u0027\nSystem info: host: \u0027MUBBASHIR2\u0027, ip: \u002710.0.0.43\u0027, os.name: \u0027Windows 10\u0027, os.arch: \u0027amd64\u0027, os.version: \u002710.0\u0027, java.version: \u00271.8.0_102\u0027\nDriver info: com.kms.katalon.selenium.driver.CInternetExplorerDriver\nCapabilities {acceptInsecureCerts: false, browserName: internet explorer, browserVersion: 11, javascriptEnabled: true, pageLoadStrategy: normal, platform: WINDOWS, platformName: WINDOWS, se:ieOptions: {browserAttachTimeout: 0, elementScrollBehavior: 0, enablePersistentHover: true, ie.browserCommandLineSwitches: , ie.ensureCleanSession: false, ie.fileUploadDialogTimeout: 3000, ie.forceCreateProcessApi: false, ignoreProtectedModeSettings: false, ignoreZoomSetting: false, initialBrowserUrl: http://localhost:31764/, nativeEvents: true, requireWindowFocus: false}, setWindowRect: true}\nSession ID: 8d86605f-960b-44ab-81a1-2d9161cd73a4\n*** Element info: {Using\u003dxpath, value\u003d//a[count(. | //*[@href \u003d \u0027javascript:openBrowseDialog();\u0027]) \u003d count(//*[@href \u003d \u0027javascript:openBrowseDialog();\u0027])][count(. | //*[@title \u003d \u0027Browse teams and projects\u0027]) \u003d count(//*[@title \u003d \u0027Browse teams and projects\u0027])][count(. | //*[text() \u003d \u0027Browse\u0027]) \u003d count(//*[text() \u003d \u0027Browse\u0027])]})","startTime":1516022101595,"endTime":0,"childRecords":[],"interuppted":false}],"interuppted":false},{"testStatus":{"stackTrace":"","statusValue":"FAILED"},"type":"MESSAGE","name":"","message":"Test Cases/OpenProject FAILED because (of) Unable to click on object \u0027Object Repository/Page_Modern Requirements4TFS 2018/a_Browse\u0027 (Root cause: org.openqa.selenium.NoSuchWindowException: Unable to find elements on closed window\nBuild info: version: \u00273.7.1\u0027, revision: \u00278a0099a\u0027, time: \u00272017-11-06T21:07:36.161Z\u0027\nSystem info: host: \u0027MUBBASHIR2\u0027, ip: \u002710.0.0.43\u0027, os.name: \u0027Windows 10\u0027, os.arch: \u0027amd64\u0027, os.version: \u002710.0\u0027, java.version: \u00271.8.0_102\u0027\nDriver info: com.kms.katalon.selenium.driver.CInternetExplorerDriver\nCapabilities {acceptInsecureCerts: false, browserName: internet explorer, browserVersion: 11, javascriptEnabled: true, pageLoadStrategy: normal, platform: WINDOWS, platformName: WINDOWS, se:ieOptions: {browserAttachTimeout: 0, elementScrollBehavior: 0, enablePersistentHover: true, ie.browserCommandLineSwitches: , ie.ensureCleanSession: false, ie.fileUploadDialogTimeout: 3000, ie.forceCreateProcessApi: false, ignoreProtectedModeSettings: false, ignoreZoomSetting: false, initialBrowserUrl: http://localhost:31764/, nativeEvents: true, requireWindowFocus: false}, setWindowRect: true}\nSession ID: 8d86605f-960b-44ab-81a1-2d9161cd73a4\n*** Element info: {Using\u003dxpath, value\u003d//a[count(. | //*[@href \u003d \u0027javascript:openBrowseDialog();\u0027]) \u003d count(//*[@href \u003d \u0027javascript:openBrowseDialog();\u0027])][count(. | //*[@title \u003d \u0027Browse teams and projects\u0027]) \u003d count(//*[@title \u003d \u0027Browse teams and projects\u0027])][count(. | //*[text() \u003d \u0027Browse\u0027]) \u003d count(//*[text() \u003d \u0027Browse\u0027])]})","startTime":1516022101597,"endTime":0,"childRecords":[],"interuppted":false}],"interuppted":false}],"interuppted":false}