<?xml version="1.0" encoding="UTF-8"?>
<testsuites name="Mr4TfsPrereqs" time="39" tests="1" failures="1" errors="0">
   <testsuite name="Mr4TfsPrereqs" tests="1" failures="1" errors="0" time="39" timestamp="2018-01-15 18:16:35" hostname="mubbashir.shakil - Mubbashir2.edevtech.com" id="Test Suites/Mr4TfsPrereqs">
      <properties>
         <property name="deviceName" value=""/>
         <property name="devicePlatform" value=""/>
         <property name="logFolder" value="H:\\KatalonProjects\\Mr4TfsUpdate2018\\Reports\\Mr4TfsPrereqs\\20180115_181634"/>
         <property name="logFiles" value="H:\\KatalonProjects\\Mr4TfsUpdate2018\\Reports\\Mr4TfsPrereqs\\20180115_181634\\execution0.log, H:\\KatalonProjects\\Mr4TfsUpdate2018\\Reports\\Mr4TfsPrereqs\\20180115_181634\\IEDriverServer.log"/>
         <property name="attachments" value="H:\\KatalonProjects\\Mr4TfsUpdate2018\\Reports\\Mr4TfsPrereqs\\20180115_181634\\1516022234890.png"/>
         <property name="hostName" value="mubbashir.shakil - Mubbashir2.edevtech.com"/>
         <property name="os" value="Windows 10 64bit"/>
         <property name="katalonVersion" value="5.2.0.1"/>
         <property name="browser" value="IE 11"/>
         <property name="hostAddress" value="10.0.0.43"/>
         <property name="sessionId" value="f1cbd7a6-6f7f-4ef7-901e-d03801cb63f7"/>
         <property name="seleniumVersion" value="3.7.1"/>
         <property name="proxyInformation" value="ProxyInformation{proxyOption=NO_PROXY, proxyServerType=HTTP, password=, proxyServerAddress=, proxyServerPort=0}"/>
         <property name="platform" value="Windows 10"/>
      </properties>
      <testcase name="Test Cases/Mr4TfsLogin" classname="Test Cases/Mr4TfsLogin" status="PASSED">
         <system-out><![CDATA[2018-01-15 18:16:35 - [TEST_CASE][PASSED] - Test Cases/Mr4TfsLogin: Test Cases/Mr4TfsLogin

2018-01-15 18:16:36 - [TEST_STEP][PASSED] - openBrowser: Browser is opened with url: ''

2018-01-15 18:16:38 - [MESSAGE][PASSED] - Browser is opened with url: ''

2018-01-15 18:16:38 - [TEST_STEP][PASSED] - maximizeWindow: Current window maximized

2018-01-15 18:16:38 - [MESSAGE][PASSED] - Current window maximized

2018-01-15 18:16:38 - [TEST_STEP][PASSED] - navigateToUrl: Navigate to 'http://ghous:8028' successfully

2018-01-15 18:16:47 - [MESSAGE][PASSED] - Navigate to 'http://ghous:8028' successfully

2018-01-15 18:16:47 - [TEST_STEP][PASSED] - setText: Text 'attfs2017:8080/tfs' is set on object 'Object Repository/Page_Sign In/input_TFSServerURL'

2018-01-15 18:16:48 - [MESSAGE][PASSED] - Text 'attfs2017:8080/tfs' is set on object 'Object Repository/Page_Sign In/input_TFSServerURL'

2018-01-15 18:16:48 - [TEST_STEP][PASSED] - setText: Text 'fahad' is set on object 'Object Repository/Page_Sign In/input_EmailAddress'

2018-01-15 18:16:48 - [MESSAGE][PASSED] - Text 'fahad' is set on object 'Object Repository/Page_Sign In/input_EmailAddress'

2018-01-15 18:16:48 - [TEST_STEP][PASSED] - setText: Text 'f12345' is set on object 'Object Repository/Page_Sign In/input_Password'

2018-01-15 18:16:48 - [MESSAGE][PASSED] - Text 'f12345' is set on object 'Object Repository/Page_Sign In/input_Password'

2018-01-15 18:16:48 - [TEST_STEP][PASSED] - click: Object: 'Object Repository/Page_Sign In/input_btnSignIn' is clicked on

2018-01-15 18:17:01 - [MESSAGE][PASSED] - Object: 'Object Repository/Page_Sign In/input_btnSignIn' is clicked on

2018-01-15 18:17:01 - [TEST_STEP][PASSED] - Statement - isBrowseButtonShowing = com.kms.katalon.core.webui.keyword.WebUiBuiltInKeywords.getText(com.kms.katalon.core.testobject.ObjectRepository.findTestObject(Object Repository/Page_Modern Requirements4TFS 2018/a_Browse)): Text of object 'Object Repository/Page_Modern Requirements4TFS 2018/a_Browse' is: 'Browse'

2018-01-15 18:17:01 - [MESSAGE][PASSED] - Text of object 'Object Repository/Page_Modern Requirements4TFS 2018/a_Browse' is: 'Browse'

2018-01-15 18:17:01 - [TEST_STEP][PASSED] - Statement - assert isBrowseButtonShowing == "Browse": null]]></system-out>
         <system-err><![CDATA[]]></system-err>
      </testcase>
      <testcase name="Test Cases/OpenProject" classname="Test Cases/OpenProject" status="FAILED">
         <failure type="FAILED" message="Unable to click on object 'Object Repository/Page_Modern Requirements4TFS 2018/span_k-icon k-i-expand' (Root cause: org.openqa.selenium.ElementNotInteractableException: Cannot click on element
Build info: version: '3.7.1', revision: '8a0099a', time: '2017-11-06T21:07:36.161Z'
System info: host: 'MUBBASHIR2', ip: '10.0.0.43', os.name: 'Windows 10', os.arch: 'amd64', os.version: '10.0', java.version: '1.8.0_102'
Driver info: com.kms.katalon.selenium.driver.CInternetExplorerDriver
Capabilities {acceptInsecureCerts: false, browserName: internet explorer, browserVersion: 11, javascriptEnabled: true, pageLoadStrategy: normal, platform: WINDOWS, platformName: WINDOWS, se:ieOptions: {browserAttachTimeout: 0, elementScrollBehavior: 0, enablePersistentHover: true, ie.browserCommandLineSwitches: , ie.ensureCleanSession: false, ie.fileUploadDialogTimeout: 3000, ie.forceCreateProcessApi: false, ignoreProtectedModeSettings: false, ignoreZoomSetting: false, initialBrowserUrl: http://localhost:8552/, nativeEvents: true, requireWindowFocus: false}, setWindowRect: true}
Session ID: f1cbd7a6-6f7f-4ef7-901e-d03801cb63f7)"/>
         <system-out><![CDATA[2018-01-15 18:17:01 - [TEST_CASE][FAILED] - Test Cases/OpenProject: Test Cases/OpenProject FAILED because (of) Unable to click on object 'Object Repository/Page_Modern Requirements4TFS 2018/span_k-icon k-i-expand' (Root cause: org.openqa.selenium.ElementNotInteractableException: Cannot click on element
Build info: version: '3.7.1', revision: '8a0099a', time: '2017-11-06T21:07:36.161Z'
System info: host: 'MUBBASHIR2', ip: '10.0.0.43', os.name: 'Windows 10', os.arch: 'amd64', os.version: '10.0', java.version: '1.8.0_102'
Driver info: com.kms.katalon.selenium.driver.CInternetExplorerDriver
Capabilities {acceptInsecureCerts: false, browserName: internet explorer, browserVersion: 11, javascriptEnabled: true, pageLoadStrategy: normal, platform: WINDOWS, platformName: WINDOWS, se:ieOptions: {browserAttachTimeout: 0, elementScrollBehavior: 0, enablePersistentHover: true, ie.browserCommandLineSwitches: , ie.ensureCleanSession: false, ie.fileUploadDialogTimeout: 3000, ie.forceCreateProcessApi: false, ignoreProtectedModeSettings: false, ignoreZoomSetting: false, initialBrowserUrl: http://localhost:8552/, nativeEvents: true, requireWindowFocus: false}, setWindowRect: true}
Session ID: f1cbd7a6-6f7f-4ef7-901e-d03801cb63f7)

2018-01-15 18:17:02 - [TEST_STEP][PASSED] - click: Object: 'Object Repository/Page_Modern Requirements4TFS 2018/a_Browse' is clicked on

2018-01-15 18:17:03 - [MESSAGE][PASSED] - Object: 'Object Repository/Page_Modern Requirements4TFS 2018/a_Browse' is clicked on

2018-01-15 18:17:03 - [TEST_STEP][FAILED] - click: Unable to click on object 'Object Repository/Page_Modern Requirements4TFS 2018/span_k-icon k-i-expand' (Root cause: org.openqa.selenium.ElementNotInteractableException: Cannot click on element
Build info: version: '3.7.1', revision: '8a0099a', time: '2017-11-06T21:07:36.161Z'
System info: host: 'MUBBASHIR2', ip: '10.0.0.43', os.name: 'Windows 10', os.arch: 'amd64', os.version: '10.0', java.version: '1.8.0_102'
Driver info: com.kms.katalon.selenium.driver.CInternetExplorerDriver
Capabilities {acceptInsecureCerts: false, browserName: internet explorer, browserVersion: 11, javascriptEnabled: true, pageLoadStrategy: normal, platform: WINDOWS, platformName: WINDOWS, se:ieOptions: {browserAttachTimeout: 0, elementScrollBehavior: 0, enablePersistentHover: true, ie.browserCommandLineSwitches: , ie.ensureCleanSession: false, ie.fileUploadDialogTimeout: 3000, ie.forceCreateProcessApi: false, ignoreProtectedModeSettings: false, ignoreZoomSetting: false, initialBrowserUrl: http://localhost:8552/, nativeEvents: true, requireWindowFocus: false}, setWindowRect: true}
Session ID: f1cbd7a6-6f7f-4ef7-901e-d03801cb63f7)

2018-01-15 18:17:14 - [MESSAGE][FAILED] - Unable to click on object 'Object Repository/Page_Modern Requirements4TFS 2018/span_k-icon k-i-expand' (Root cause: org.openqa.selenium.ElementNotInteractableException: Cannot click on element
Build info: version: '3.7.1', revision: '8a0099a', time: '2017-11-06T21:07:36.161Z'
System info: host: 'MUBBASHIR2', ip: '10.0.0.43', os.name: 'Windows 10', os.arch: 'amd64', os.version: '10.0', java.version: '1.8.0_102'
Driver info: com.kms.katalon.selenium.driver.CInternetExplorerDriver
Capabilities {acceptInsecureCerts: false, browserName: internet explorer, browserVersion: 11, javascriptEnabled: true, pageLoadStrategy: normal, platform: WINDOWS, platformName: WINDOWS, se:ieOptions: {browserAttachTimeout: 0, elementScrollBehavior: 0, enablePersistentHover: true, ie.browserCommandLineSwitches: , ie.ensureCleanSession: false, ie.fileUploadDialogTimeout: 3000, ie.forceCreateProcessApi: false, ignoreProtectedModeSettings: false, ignoreZoomSetting: false, initialBrowserUrl: http://localhost:8552/, nativeEvents: true, requireWindowFocus: false}, setWindowRect: true}
Session ID: f1cbd7a6-6f7f-4ef7-901e-d03801cb63f7)
[[ATTACHMENT|H:\\KatalonProjects\\Mr4TfsUpdate2018\\Reports\\Mr4TfsPrereqs\\20180115_181634\\1516022234890.png]]]]></system-out>
         <system-err><![CDATA[2018-01-15 18:17:01 - [TEST_CASE][FAILED] - Test Cases/OpenProject: Test Cases/OpenProject FAILED because (of) Unable to click on object 'Object Repository/Page_Modern Requirements4TFS 2018/span_k-icon k-i-expand' (Root cause: org.openqa.selenium.ElementNotInteractableException: Cannot click on element
Build info: version: '3.7.1', revision: '8a0099a', time: '2017-11-06T21:07:36.161Z'
System info: host: 'MUBBASHIR2', ip: '10.0.0.43', os.name: 'Windows 10', os.arch: 'amd64', os.version: '10.0', java.version: '1.8.0_102'
Driver info: com.kms.katalon.selenium.driver.CInternetExplorerDriver
Capabilities {acceptInsecureCerts: false, browserName: internet explorer, browserVersion: 11, javascriptEnabled: true, pageLoadStrategy: normal, platform: WINDOWS, platformName: WINDOWS, se:ieOptions: {browserAttachTimeout: 0, elementScrollBehavior: 0, enablePersistentHover: true, ie.browserCommandLineSwitches: , ie.ensureCleanSession: false, ie.fileUploadDialogTimeout: 3000, ie.forceCreateProcessApi: false, ignoreProtectedModeSettings: false, ignoreZoomSetting: false, initialBrowserUrl: http://localhost:8552/, nativeEvents: true, requireWindowFocus: false}, setWindowRect: true}
Session ID: f1cbd7a6-6f7f-4ef7-901e-d03801cb63f7)]]></system-err>
      </testcase>
      <system-out><![CDATA[2018-01-15 18:16:35 - [TEST_SUITE][FAILED] - Mr4TfsPrereqs: Test Cases/OpenProject FAILED because (of) Unable to click on object 'Object Repository/Page_Modern Requirements4TFS 2018/span_k-icon k-i-expand' (Root cause: org.openqa.selenium.ElementNotInteractableException: Cannot click on element
Build info: version: '3.7.1', revision: '8a0099a', time: '2017-11-06T21:07:36.161Z'
System info: host: 'MUBBASHIR2', ip: '10.0.0.43', os.name: 'Windows 10', os.arch: 'amd64', os.version: '10.0', java.version: '1.8.0_102'
Driver info: com.kms.katalon.selenium.driver.CInternetExplorerDriver
Capabilities {acceptInsecureCerts: false, browserName: internet explorer, browserVersion: 11, javascriptEnabled: true, pageLoadStrategy: normal, platform: WINDOWS, platformName: WINDOWS, se:ieOptions: {browserAttachTimeout: 0, elementScrollBehavior: 0, enablePersistentHover: true, ie.browserCommandLineSwitches: , ie.ensureCleanSession: false, ie.fileUploadDialogTimeout: 3000, ie.forceCreateProcessApi: false, ignoreProtectedModeSettings: false, ignoreZoomSetting: false, initialBrowserUrl: http://localhost:8552/, nativeEvents: true, requireWindowFocus: false}, setWindowRect: true}
Session ID: f1cbd7a6-6f7f-4ef7-901e-d03801cb63f7)]]></system-out>
      <system-err><![CDATA[2018-01-15 18:16:35 - [TEST_SUITE][FAILED] - Mr4TfsPrereqs: Test Cases/OpenProject FAILED because (of) Unable to click on object 'Object Repository/Page_Modern Requirements4TFS 2018/span_k-icon k-i-expand' (Root cause: org.openqa.selenium.ElementNotInteractableException: Cannot click on element
Build info: version: '3.7.1', revision: '8a0099a', time: '2017-11-06T21:07:36.161Z'
System info: host: 'MUBBASHIR2', ip: '10.0.0.43', os.name: 'Windows 10', os.arch: 'amd64', os.version: '10.0', java.version: '1.8.0_102'
Driver info: com.kms.katalon.selenium.driver.CInternetExplorerDriver
Capabilities {acceptInsecureCerts: false, browserName: internet explorer, browserVersion: 11, javascriptEnabled: true, pageLoadStrategy: normal, platform: WINDOWS, platformName: WINDOWS, se:ieOptions: {browserAttachTimeout: 0, elementScrollBehavior: 0, enablePersistentHover: true, ie.browserCommandLineSwitches: , ie.ensureCleanSession: false, ie.fileUploadDialogTimeout: 3000, ie.forceCreateProcessApi: false, ignoreProtectedModeSettings: false, ignoreZoomSetting: false, initialBrowserUrl: http://localhost:8552/, nativeEvents: true, requireWindowFocus: false}, setWindowRect: true}
Session ID: f1cbd7a6-6f7f-4ef7-901e-d03801cb63f7)]]></system-err>
   </testsuite>
</testsuites>
